
/home/assim/Documents/S6-APP5/GI_S6_APP5/ArgonDevice/target/2.3.0/argon/ArgonDevice.elf:     file format elf32-littlearm

Sections:
Idx Name          Size      VMA       LMA       File off  Algn
  0 .module_info  00000018  000d4000  000d4000  00004000  2**0
                  CONTENTS, ALLOC, LOAD, READONLY, DATA
  1 .dynalib      00000004  000d4018  000d4018  00004018  2**2
                  CONTENTS, ALLOC, LOAD, READONLY, DATA
  2 .text         00000d74  000d401c  000d401c  0000401c  2**2
                  CONTENTS, ALLOC, LOAD, READONLY, CODE
  3 .backup       00000004  2003f400  000d4d90  0000f400  2**2
                  CONTENTS, ALLOC, LOAD, DATA
  4 .data         0000006c  2003e53c  000d4d94  0001e53c  2**2
                  CONTENTS, ALLOC, LOAD, DATA
  5 .bss          00000248  2003e5a8  2003e5a8  0002e5a8  2**2
                  ALLOC
  6 .module_info_suffix 00000028  000d4e00  000d4e00  00024e00  2**0
                  CONTENTS, ALLOC, LOAD, READONLY, DATA
  7 .module_info_crc 00000004  000d4e28  000d4e28  00024e28  2**0
                  CONTENTS, ALLOC, LOAD, READONLY, DATA
  8 .debug_info   00105043  00000000  00000000  00024e2c  2**0
                  CONTENTS, READONLY, DEBUGGING
  9 .debug_abbrev 000111af  00000000  00000000  00129e6f  2**0
                  CONTENTS, READONLY, DEBUGGING
 10 .debug_aranges 00001ca0  00000000  00000000  0013b01e  2**0
                  CONTENTS, READONLY, DEBUGGING
 11 .debug_macro  00032020  00000000  00000000  0013ccbe  2**0
                  CONTENTS, READONLY, DEBUGGING
 12 .debug_line   0002c464  00000000  00000000  0016ecde  2**0
                  CONTENTS, READONLY, DEBUGGING
 13 .debug_str    00102cc1  00000000  00000000  0019b142  2**0
                  CONTENTS, READONLY, DEBUGGING
 14 .debug_loc    000209ea  00000000  00000000  0029de03  2**0
                  CONTENTS, READONLY, DEBUGGING
 15 .debug_ranges 00005e38  00000000  00000000  002be7ed  2**0
                  CONTENTS, READONLY, DEBUGGING
 16 .debug_frame  00004d7c  00000000  00000000  002c4628  2**2
                  CONTENTS, READONLY, DEBUGGING

Disassembly of section .text:

000d401c <module_user_pre_init>:
/**
 * Initializes this user module. Returns the start of the heap.
 */
void* module_user_pre_init() {

    if ( (&link_global_data_start!=&link_global_data_initial_values) && (link_global_data_size != 0))
   d401c:	4809      	ldr	r0, [pc, #36]	; (d4044 <link_dynalib_end+0x28>)
   d401e:	490a      	ldr	r1, [pc, #40]	; (d4048 <link_dynalib_end+0x2c>)
   d4020:	4288      	cmp	r0, r1
void* module_user_pre_init() {
   d4022:	b508      	push	{r3, lr}
    if ( (&link_global_data_start!=&link_global_data_initial_values) && (link_global_data_size != 0))
   d4024:	d005      	beq.n	d4032 <module_user_pre_init+0x16>
   d4026:	4a09      	ldr	r2, [pc, #36]	; (d404c <link_dynalib_end+0x30>)
   d4028:	4282      	cmp	r2, r0
   d402a:	d002      	beq.n	d4032 <module_user_pre_init+0x16>
    {
        memcpy(&link_global_data_start, &link_global_data_initial_values, link_global_data_size);
   d402c:	1a12      	subs	r2, r2, r0
   d402e:	f000 fd41 	bl	d4ab4 <memcpy>
    }

    memset(&link_bss_location, 0, link_bss_size );
   d4032:	4807      	ldr	r0, [pc, #28]	; (d4050 <link_dynalib_end+0x34>)
   d4034:	4a07      	ldr	r2, [pc, #28]	; (d4054 <link_dynalib_end+0x38>)
   d4036:	2100      	movs	r1, #0
   d4038:	1a12      	subs	r2, r2, r0
   d403a:	f000 fd49 	bl	d4ad0 <memset>
    return &link_global_data_start;
}
   d403e:	4801      	ldr	r0, [pc, #4]	; (d4044 <link_dynalib_end+0x28>)
   d4040:	bd08      	pop	{r3, pc}
   d4042:	bf00      	nop
   d4044:	2003e53c 	.word	0x2003e53c
   d4048:	000d4d94 	.word	0x000d4d94
   d404c:	2003e5a8 	.word	0x2003e5a8
   d4050:	2003e5a8 	.word	0x2003e5a8
   d4054:	2003e7ed 	.word	0x2003e7ed

000d4058 <module_user_init>:
extern constructor_ptr_t link_constructors_location[];
extern constructor_ptr_t link_constructors_end;
#define link_constructors_size   ((unsigned long)&link_constructors_end  -  (unsigned long)&link_constructors_location )

void module_user_init()
{
   d4058:	b570      	push	{r4, r5, r6, lr}
    module_user_init_hook();

    // invoke constructors
    int ctor_num;
    for (ctor_num=0; ctor_num < link_constructors_size/sizeof(constructor_ptr_t); ctor_num++ )
   d405a:	4e07      	ldr	r6, [pc, #28]	; (d4078 <module_user_init+0x20>)
   d405c:	4c07      	ldr	r4, [pc, #28]	; (d407c <module_user_init+0x24>)
    module_user_init_hook();
   d405e:	f000 fbbb 	bl	d47d8 <module_user_init_hook>
    for (ctor_num=0; ctor_num < link_constructors_size/sizeof(constructor_ptr_t); ctor_num++ )
   d4062:	1ba4      	subs	r4, r4, r6
   d4064:	08a4      	lsrs	r4, r4, #2
   d4066:	2500      	movs	r5, #0
   d4068:	42a5      	cmp	r5, r4
   d406a:	d100      	bne.n	d406e <module_user_init+0x16>
    {
        link_constructors_location[ctor_num]();
    }
}
   d406c:	bd70      	pop	{r4, r5, r6, pc}
        link_constructors_location[ctor_num]();
   d406e:	f856 3b04 	ldr.w	r3, [r6], #4
   d4072:	4798      	blx	r3
    for (ctor_num=0; ctor_num < link_constructors_size/sizeof(constructor_ptr_t); ctor_num++ )
   d4074:	3501      	adds	r5, #1
   d4076:	e7f7      	b.n	d4068 <module_user_init+0x10>
   d4078:	000d4d60 	.word	0x000d4d60
   d407c:	000d4d8c 	.word	0x000d4d8c

000d4080 <module_user_setup>:

/**
 * Export these functions with a fuller name so they don't clash with the setup/loop wrappers in the system module.
 */
void module_user_setup() {
    setup();
   d4080:	f000 b811 	b.w	d40a6 <setup>

000d4084 <module_user_loop>:
}

void module_user_loop() {
   d4084:	b508      	push	{r3, lr}
    loop();
   d4086:	f000 f80f 	bl	d40a8 <loop>
    _post_loop();
}
   d408a:	e8bd 4008 	ldmia.w	sp!, {r3, lr}
    _post_loop();
   d408e:	f000 bb5b 	b.w	d4748 <_post_loop>

000d4092 <_ZdlPv>:
	return malloc(size);
}

void operator delete(void *p)
{
	free(p);
   d4092:	f000 b947 	b.w	d4324 <free>

000d4096 <__cxa_guard_acquire>:

/* Provide default implemenation for __cxa_guard_acquire() and
 * __cxa_guard_release(). Note: these must be revisited if a multitasking
 * OS is ported to this platform. */
__extension__ typedef int __guard __attribute__((mode (__DI__)));
int __cxa_guard_acquire(__guard *g) {return !*(char *)(g);};
   d4096:	7800      	ldrb	r0, [r0, #0]
   d4098:	fab0 f080 	clz	r0, r0
   d409c:	0940      	lsrs	r0, r0, #5
   d409e:	4770      	bx	lr

000d40a0 <__cxa_guard_release>:
void __cxa_guard_release (__guard *g) {*(char *)g = 1;};
   d40a0:	2301      	movs	r3, #1
   d40a2:	7003      	strb	r3, [r0, #0]
   d40a4:	4770      	bx	lr

000d40a6 <setup>:
// void loop() {
//   Scanner.loop();
// }


void setup(){}
   d40a6:	4770      	bx	lr

000d40a8 <loop>:
   d40a8:	4770      	bx	lr
	...

000d40ac <_GLOBAL__sub_I__ZN9Eddystone7beaconsE>:
// spark::Vector
template<typename T, typename AllocatorT>
inline spark::Vector<T, AllocatorT>::Vector() :
        data_(nullptr),
        size_(0),
        capacity_(0) {
   d40ac:	4b02      	ldr	r3, [pc, #8]	; (d40b8 <_GLOBAL__sub_I__ZN9Eddystone7beaconsE+0xc>)
   d40ae:	2200      	movs	r2, #0
   d40b0:	e9c3 2200 	strd	r2, r2, [r3]
   d40b4:	609a      	str	r2, [r3, #8]
        Eddystone& beacon = beacons.at(i);
        beacon.newly_scanned = false;
        beacon.populateData(scanResult);
        beacon.missed_scan = 0;
    }
   d40b6:	4770      	bx	lr
   d40b8:	2003e5a8 	.word	0x2003e5a8

000d40bc <_GLOBAL__sub_I__ZN11iBeaconScan7beaconsE>:
   d40bc:	4b02      	ldr	r3, [pc, #8]	; (d40c8 <_GLOBAL__sub_I__ZN11iBeaconScan7beaconsE+0xc>)
   d40be:	2200      	movs	r2, #0
   d40c0:	e9c3 2200 	strd	r2, r2, [r3]
   d40c4:	609a      	str	r2, [r3, #8]
        iBeaconScan& beacon = beacons.at(i);
        beacon.newly_scanned = false;
        beacon.populateData(scanResult);
        beacon.missed_scan = 0;
    }
   d40c6:	4770      	bx	lr
   d40c8:	2003e5b4 	.word	0x2003e5b4

000d40cc <_GLOBAL__sub_I__ZN10KontaktTag7beaconsE>:
   d40cc:	4b02      	ldr	r3, [pc, #8]	; (d40d8 <_GLOBAL__sub_I__ZN10KontaktTag7beaconsE+0xc>)
   d40ce:	2200      	movs	r2, #0
   d40d0:	e9c3 2200 	strd	r2, r2, [r3]
   d40d4:	609a      	str	r2, [r3, #8]
        KontaktTag& beacon = beacons.at(i);
        beacon.newly_scanned = false;
        beacon.populateData(scanResult);
        beacon.missed_scan = 0;
    }
   d40d6:	4770      	bx	lr
   d40d8:	2003e5c0 	.word	0x2003e5c0

000d40dc <HAL_USB_USART_Init>:
#endif

DYNALIB_BEGIN(hal_usb)

#ifdef USB_CDC_ENABLE
DYNALIB_FN(0, hal_usb, HAL_USB_USART_Init, void(HAL_USB_USART_Serial, const HAL_USB_USART_Config*))
   d40dc:	b508      	push	{r3, lr}
   d40de:	4b02      	ldr	r3, [pc, #8]	; (d40e8 <HAL_USB_USART_Init+0xc>)
   d40e0:	681b      	ldr	r3, [r3, #0]
   d40e2:	681b      	ldr	r3, [r3, #0]
   d40e4:	9301      	str	r3, [sp, #4]
   d40e6:	bd08      	pop	{r3, pc}
   d40e8:	0003024c 	.word	0x0003024c

000d40ec <HAL_USB_USART_Available_Data>:
DYNALIB_FN(1, hal_usb, HAL_USB_USART_Begin, void(HAL_USB_USART_Serial, uint32_t, void *))
DYNALIB_FN(2, hal_usb, HAL_USB_USART_End, void(HAL_USB_USART_Serial))
DYNALIB_FN(3, hal_usb, HAL_USB_USART_Baud_Rate, unsigned int(HAL_USB_USART_Serial))
DYNALIB_FN(4, hal_usb, HAL_USB_USART_Available_Data, int32_t(HAL_USB_USART_Serial))
   d40ec:	b508      	push	{r3, lr}
   d40ee:	4b02      	ldr	r3, [pc, #8]	; (d40f8 <HAL_USB_USART_Available_Data+0xc>)
   d40f0:	681b      	ldr	r3, [r3, #0]
   d40f2:	691b      	ldr	r3, [r3, #16]
   d40f4:	9301      	str	r3, [sp, #4]
   d40f6:	bd08      	pop	{r3, pc}
   d40f8:	0003024c 	.word	0x0003024c

000d40fc <HAL_USB_USART_Available_Data_For_Write>:
DYNALIB_FN(5, hal_usb, HAL_USB_USART_Available_Data_For_Write, int32_t(HAL_USB_USART_Serial))
   d40fc:	b508      	push	{r3, lr}
   d40fe:	4b02      	ldr	r3, [pc, #8]	; (d4108 <HAL_USB_USART_Available_Data_For_Write+0xc>)
   d4100:	681b      	ldr	r3, [r3, #0]
   d4102:	695b      	ldr	r3, [r3, #20]
   d4104:	9301      	str	r3, [sp, #4]
   d4106:	bd08      	pop	{r3, pc}
   d4108:	0003024c 	.word	0x0003024c

000d410c <HAL_USB_USART_Receive_Data>:
DYNALIB_FN(6, hal_usb, HAL_USB_USART_Receive_Data, int32_t(HAL_USB_USART_Serial, uint8_t))
   d410c:	b508      	push	{r3, lr}
   d410e:	4b02      	ldr	r3, [pc, #8]	; (d4118 <HAL_USB_USART_Receive_Data+0xc>)
   d4110:	681b      	ldr	r3, [r3, #0]
   d4112:	699b      	ldr	r3, [r3, #24]
   d4114:	9301      	str	r3, [sp, #4]
   d4116:	bd08      	pop	{r3, pc}
   d4118:	0003024c 	.word	0x0003024c

000d411c <HAL_USB_USART_Send_Data>:
DYNALIB_FN(7, hal_usb, HAL_USB_USART_Send_Data, int32_t(HAL_USB_USART_Serial, uint8_t))
   d411c:	b508      	push	{r3, lr}
   d411e:	4b02      	ldr	r3, [pc, #8]	; (d4128 <HAL_USB_USART_Send_Data+0xc>)
   d4120:	681b      	ldr	r3, [r3, #0]
   d4122:	69db      	ldr	r3, [r3, #28]
   d4124:	9301      	str	r3, [sp, #4]
   d4126:	bd08      	pop	{r3, pc}
   d4128:	0003024c 	.word	0x0003024c

000d412c <HAL_USB_USART_Flush_Data>:
DYNALIB_FN(8, hal_usb, HAL_USB_USART_Flush_Data, void(HAL_USB_USART_Serial))
   d412c:	b508      	push	{r3, lr}
   d412e:	4b02      	ldr	r3, [pc, #8]	; (d4138 <HAL_USB_USART_Flush_Data+0xc>)
   d4130:	681b      	ldr	r3, [r3, #0]
   d4132:	6a1b      	ldr	r3, [r3, #32]
   d4134:	9301      	str	r3, [sp, #4]
   d4136:	bd08      	pop	{r3, pc}
   d4138:	0003024c 	.word	0x0003024c

000d413c <hal_usart_init>:
#define BASE_IDX 6 // Base index for all subsequent functions
#else
#define BASE_IDX 0
#endif

DYNALIB_FN(BASE_IDX + 0, hal_usart, hal_usart_init, void(hal_usart_interface_t, hal_usart_ring_buffer_t*, hal_usart_ring_buffer_t*))
   d413c:	b508      	push	{r3, lr}
   d413e:	4b02      	ldr	r3, [pc, #8]	; (d4148 <hal_usart_init+0xc>)
   d4140:	681b      	ldr	r3, [r3, #0]
   d4142:	681b      	ldr	r3, [r3, #0]
   d4144:	9301      	str	r3, [sp, #4]
   d4146:	bd08      	pop	{r3, pc}
   d4148:	0003023c 	.word	0x0003023c

000d414c <hal_usart_write>:
DYNALIB_FN(BASE_IDX + 1, hal_usart, hal_usart_begin, void(hal_usart_interface_t, uint32_t))
DYNALIB_FN(BASE_IDX + 2, hal_usart, hal_usart_end, void(hal_usart_interface_t))
DYNALIB_FN(BASE_IDX + 3, hal_usart, hal_usart_write, uint32_t(hal_usart_interface_t, uint8_t))
   d414c:	b508      	push	{r3, lr}
   d414e:	4b02      	ldr	r3, [pc, #8]	; (d4158 <hal_usart_write+0xc>)
   d4150:	681b      	ldr	r3, [r3, #0]
   d4152:	68db      	ldr	r3, [r3, #12]
   d4154:	9301      	str	r3, [sp, #4]
   d4156:	bd08      	pop	{r3, pc}
   d4158:	0003023c 	.word	0x0003023c

000d415c <hal_usart_available>:
DYNALIB_FN(BASE_IDX + 4, hal_usart, hal_usart_available, int32_t(hal_usart_interface_t))
   d415c:	b508      	push	{r3, lr}
   d415e:	4b02      	ldr	r3, [pc, #8]	; (d4168 <hal_usart_available+0xc>)
   d4160:	681b      	ldr	r3, [r3, #0]
   d4162:	691b      	ldr	r3, [r3, #16]
   d4164:	9301      	str	r3, [sp, #4]
   d4166:	bd08      	pop	{r3, pc}
   d4168:	0003023c 	.word	0x0003023c

000d416c <hal_usart_read>:
DYNALIB_FN(BASE_IDX + 5, hal_usart, hal_usart_read, int32_t(hal_usart_interface_t))
   d416c:	b508      	push	{r3, lr}
   d416e:	4b02      	ldr	r3, [pc, #8]	; (d4178 <hal_usart_read+0xc>)
   d4170:	681b      	ldr	r3, [r3, #0]
   d4172:	695b      	ldr	r3, [r3, #20]
   d4174:	9301      	str	r3, [sp, #4]
   d4176:	bd08      	pop	{r3, pc}
   d4178:	0003023c 	.word	0x0003023c

000d417c <hal_usart_peek>:
DYNALIB_FN(BASE_IDX + 6, hal_usart, hal_usart_peek, int32_t(hal_usart_interface_t))
   d417c:	b508      	push	{r3, lr}
   d417e:	4b02      	ldr	r3, [pc, #8]	; (d4188 <hal_usart_peek+0xc>)
   d4180:	681b      	ldr	r3, [r3, #0]
   d4182:	699b      	ldr	r3, [r3, #24]
   d4184:	9301      	str	r3, [sp, #4]
   d4186:	bd08      	pop	{r3, pc}
   d4188:	0003023c 	.word	0x0003023c

000d418c <hal_usart_flush>:
DYNALIB_FN(BASE_IDX + 7, hal_usart, hal_usart_flush, void(hal_usart_interface_t))
   d418c:	b508      	push	{r3, lr}
   d418e:	4b02      	ldr	r3, [pc, #8]	; (d4198 <hal_usart_flush+0xc>)
   d4190:	681b      	ldr	r3, [r3, #0]
   d4192:	69db      	ldr	r3, [r3, #28]
   d4194:	9301      	str	r3, [sp, #4]
   d4196:	bd08      	pop	{r3, pc}
   d4198:	0003023c 	.word	0x0003023c

000d419c <hal_usart_available_data_for_write>:
DYNALIB_FN(BASE_IDX + 8, hal_usart, hal_usart_is_enabled, bool(hal_usart_interface_t))
DYNALIB_FN(BASE_IDX + 9, hal_usart, hal_usart_half_duplex, void(hal_usart_interface_t, bool))
DYNALIB_FN(BASE_IDX + 10, hal_usart, hal_usart_available_data_for_write, int32_t(hal_usart_interface_t))
   d419c:	b508      	push	{r3, lr}
   d419e:	4b02      	ldr	r3, [pc, #8]	; (d41a8 <hal_usart_available_data_for_write+0xc>)
   d41a0:	681b      	ldr	r3, [r3, #0]
   d41a2:	6a9b      	ldr	r3, [r3, #40]	; 0x28
   d41a4:	9301      	str	r3, [sp, #4]
   d41a6:	bd08      	pop	{r3, pc}
   d41a8:	0003023c 	.word	0x0003023c

000d41ac <inet_inet_ntop>:
DYNALIB_FN(0, hal_inet, inet_inet_addr, in_addr_t(const char*))
DYNALIB_FN(1, hal_inet, inet_inet_aton, int(const char*, struct in_addr*))
DYNALIB_FN(2, hal_inet, inet_inet_network, in_addr_t(const char*))
DYNALIB_FN(3, hal_inet, inet_inet_ntoa, char*(struct in_addr))
DYNALIB_FN(4, hal_inet, inet_inet_ntoa_r, char*(struct in_addr, char*, socklen_t))
DYNALIB_FN(5, hal_inet, inet_inet_ntop, const char*(int, const void*, char*, socklen_t))
   d41ac:	b508      	push	{r3, lr}
   d41ae:	4b02      	ldr	r3, [pc, #8]	; (d41b8 <inet_inet_ntop+0xc>)
   d41b0:	681b      	ldr	r3, [r3, #0]
   d41b2:	695b      	ldr	r3, [r3, #20]
   d41b4:	9301      	str	r3, [sp, #4]
   d41b6:	bd08      	pop	{r3, pc}
   d41b8:	00030264 	.word	0x00030264

000d41bc <os_mutex_recursive_create>:
DYNALIB_FN(13, hal_concurrent, os_mutex_destroy, int(os_mutex_t))
DYNALIB_FN(14, hal_concurrent, os_mutex_lock, int(os_mutex_t))
DYNALIB_FN(15, hal_concurrent, os_mutex_trylock, int(os_mutex_t))
DYNALIB_FN(16, hal_concurrent, os_mutex_unlock, int(os_mutex_t))

DYNALIB_FN(17, hal_concurrent, os_mutex_recursive_create, int(os_mutex_recursive_t*))
   d41bc:	b508      	push	{r3, lr}
   d41be:	4b02      	ldr	r3, [pc, #8]	; (d41c8 <os_mutex_recursive_create+0xc>)
   d41c0:	681b      	ldr	r3, [r3, #0]
   d41c2:	6c5b      	ldr	r3, [r3, #68]	; 0x44
   d41c4:	9301      	str	r3, [sp, #4]
   d41c6:	bd08      	pop	{r3, pc}
   d41c8:	00030248 	.word	0x00030248

000d41cc <HAL_RNG_GetRandomNumber>:

DYNALIB_BEGIN(hal)

#if PLATFORM_ID > 3
DYNALIB_FN(0, hal, HAL_RNG_Configuration, void(void))
DYNALIB_FN(1, hal, HAL_RNG_GetRandomNumber, uint32_t(void))
   d41cc:	b508      	push	{r3, lr}
   d41ce:	4b02      	ldr	r3, [pc, #8]	; (d41d8 <HAL_RNG_GetRandomNumber+0xc>)
   d41d0:	681b      	ldr	r3, [r3, #0]
   d41d2:	685b      	ldr	r3, [r3, #4]
   d41d4:	9301      	str	r3, [sp, #4]
   d41d6:	bd08      	pop	{r3, pc}
   d41d8:	00030218 	.word	0x00030218

000d41dc <HAL_Timer_Get_Milli_Seconds>:
#endif

DYNALIB_FN(BASE_IDX + 0, hal, HAL_Delay_Milliseconds, void(uint32_t))
DYNALIB_FN(BASE_IDX + 1, hal, HAL_Delay_Microseconds, void(uint32_t))
DYNALIB_FN(BASE_IDX + 2, hal, HAL_Timer_Get_Micro_Seconds, system_tick_t(void))
DYNALIB_FN(BASE_IDX + 3, hal, HAL_Timer_Get_Milli_Seconds, system_tick_t(void))
   d41dc:	b508      	push	{r3, lr}
   d41de:	4b02      	ldr	r3, [pc, #8]	; (d41e8 <HAL_Timer_Get_Milli_Seconds+0xc>)
   d41e0:	681b      	ldr	r3, [r3, #0]
   d41e2:	695b      	ldr	r3, [r3, #20]
   d41e4:	9301      	str	r3, [sp, #4]
   d41e6:	bd08      	pop	{r3, pc}
   d41e8:	00030218 	.word	0x00030218

000d41ec <netdb_freeaddrinfo>:

DYNALIB_BEGIN(hal_netdb)

DYNALIB_FN(0, hal_netdb, netdb_gethostbyname, struct hostent*(const char*))
DYNALIB_FN(1, hal_netdb, netdb_gethostbyname_r, int(const char*, struct hostent*, char*, size_t, struct hostent**, int*))
DYNALIB_FN(2, hal_netdb, netdb_freeaddrinfo, void(struct addrinfo*))
   d41ec:	b508      	push	{r3, lr}
   d41ee:	4b02      	ldr	r3, [pc, #8]	; (d41f8 <netdb_freeaddrinfo+0xc>)
   d41f0:	681b      	ldr	r3, [r3, #0]
   d41f2:	689b      	ldr	r3, [r3, #8]
   d41f4:	9301      	str	r3, [sp, #4]
   d41f6:	bd08      	pop	{r3, pc}
   d41f8:	00030268 	.word	0x00030268

000d41fc <netdb_getaddrinfo>:
DYNALIB_FN(3, hal_netdb, netdb_getaddrinfo, int(const char*, const char*, const struct addrinfo*, struct addrinfo**))
   d41fc:	b508      	push	{r3, lr}
   d41fe:	4b02      	ldr	r3, [pc, #8]	; (d4208 <netdb_getaddrinfo+0xc>)
   d4200:	681b      	ldr	r3, [r3, #0]
   d4202:	68db      	ldr	r3, [r3, #12]
   d4204:	9301      	str	r3, [sp, #4]
   d4206:	bd08      	pop	{r3, pc}
   d4208:	00030268 	.word	0x00030268

000d420c <spark_set_random_seed_from_cloud_handler>:
DYNALIB_FN(10, system_cloud, spark_unsubscribe, void(void*))
DYNALIB_FN(11, system_cloud, spark_sync_time, bool(void*))
DYNALIB_FN(12, system_cloud, spark_sync_time_pending, bool(void*))
DYNALIB_FN(13, system_cloud, spark_sync_time_last, system_tick_t(time32_t*, time_t*))
DYNALIB_FN(14, system_cloud, spark_set_connection_property, int(unsigned, unsigned, const void*, void*))
DYNALIB_FN(15, system_cloud, spark_set_random_seed_from_cloud_handler, int(void (*handler)(unsigned int), void*))
   d420c:	b508      	push	{r3, lr}
   d420e:	4b02      	ldr	r3, [pc, #8]	; (d4218 <spark_set_random_seed_from_cloud_handler+0xc>)
   d4210:	681b      	ldr	r3, [r3, #0]
   d4212:	6bdb      	ldr	r3, [r3, #60]	; 0x3c
   d4214:	9301      	str	r3, [sp, #4]
   d4216:	bd08      	pop	{r3, pc}
   d4218:	00030244 	.word	0x00030244

000d421c <network_connect>:
#endif

DYNALIB_BEGIN(system_net)

DYNALIB_FN(0, system_net, network_config, const void*(network_handle_t, uint32_t, void*))
DYNALIB_FN(1, system_net, network_connect, void(network_handle_t, uint32_t, uint32_t, void*))
   d421c:	b508      	push	{r3, lr}
   d421e:	4b02      	ldr	r3, [pc, #8]	; (d4228 <network_connect+0xc>)
   d4220:	681b      	ldr	r3, [r3, #0]
   d4222:	685b      	ldr	r3, [r3, #4]
   d4224:	9301      	str	r3, [sp, #4]
   d4226:	bd08      	pop	{r3, pc}
   d4228:	00030240 	.word	0x00030240

000d422c <network_connecting>:
DYNALIB_FN(2, system_net, network_connecting, bool(network_handle_t, uint32_t, void*))
   d422c:	b508      	push	{r3, lr}
   d422e:	4b02      	ldr	r3, [pc, #8]	; (d4238 <network_connecting+0xc>)
   d4230:	681b      	ldr	r3, [r3, #0]
   d4232:	689b      	ldr	r3, [r3, #8]
   d4234:	9301      	str	r3, [sp, #4]
   d4236:	bd08      	pop	{r3, pc}
   d4238:	00030240 	.word	0x00030240

000d423c <network_disconnect>:
DYNALIB_FN(3, system_net, network_disconnect, void(network_handle_t, uint32_t, void*))
   d423c:	b508      	push	{r3, lr}
   d423e:	4b02      	ldr	r3, [pc, #8]	; (d4248 <network_disconnect+0xc>)
   d4240:	681b      	ldr	r3, [r3, #0]
   d4242:	68db      	ldr	r3, [r3, #12]
   d4244:	9301      	str	r3, [sp, #4]
   d4246:	bd08      	pop	{r3, pc}
   d4248:	00030240 	.word	0x00030240

000d424c <network_ready>:
DYNALIB_FN(4, system_net, network_ready, bool(network_handle_t, uint32_t, void*))
   d424c:	b508      	push	{r3, lr}
   d424e:	4b02      	ldr	r3, [pc, #8]	; (d4258 <network_ready+0xc>)
   d4250:	681b      	ldr	r3, [r3, #0]
   d4252:	691b      	ldr	r3, [r3, #16]
   d4254:	9301      	str	r3, [sp, #4]
   d4256:	bd08      	pop	{r3, pc}
   d4258:	00030240 	.word	0x00030240

000d425c <network_on>:
DYNALIB_FN(5, system_net, network_on, void(network_handle_t, uint32_t, uint32_t, void*))
   d425c:	b508      	push	{r3, lr}
   d425e:	4b02      	ldr	r3, [pc, #8]	; (d4268 <network_on+0xc>)
   d4260:	681b      	ldr	r3, [r3, #0]
   d4262:	695b      	ldr	r3, [r3, #20]
   d4264:	9301      	str	r3, [sp, #4]
   d4266:	bd08      	pop	{r3, pc}
   d4268:	00030240 	.word	0x00030240

000d426c <network_off>:
DYNALIB_FN(6, system_net, network_off, void(network_handle_t, uint32_t, uint32_t, void*))
   d426c:	b508      	push	{r3, lr}
   d426e:	4b02      	ldr	r3, [pc, #8]	; (d4278 <network_off+0xc>)
   d4270:	681b      	ldr	r3, [r3, #0]
   d4272:	699b      	ldr	r3, [r3, #24]
   d4274:	9301      	str	r3, [sp, #4]
   d4276:	bd08      	pop	{r3, pc}
   d4278:	00030240 	.word	0x00030240

000d427c <network_listen>:
DYNALIB_FN(7, system_net, network_listen, void(network_handle_t, uint32_t, void*))
   d427c:	b508      	push	{r3, lr}
   d427e:	4b02      	ldr	r3, [pc, #8]	; (d4288 <network_listen+0xc>)
   d4280:	681b      	ldr	r3, [r3, #0]
   d4282:	69db      	ldr	r3, [r3, #28]
   d4284:	9301      	str	r3, [sp, #4]
   d4286:	bd08      	pop	{r3, pc}
   d4288:	00030240 	.word	0x00030240

000d428c <network_listening>:
DYNALIB_FN(8, system_net, network_listening, bool(network_handle_t, uint32_t, void*))
   d428c:	b508      	push	{r3, lr}
   d428e:	4b02      	ldr	r3, [pc, #8]	; (d4298 <network_listening+0xc>)
   d4290:	681b      	ldr	r3, [r3, #0]
   d4292:	6a1b      	ldr	r3, [r3, #32]
   d4294:	9301      	str	r3, [sp, #4]
   d4296:	bd08      	pop	{r3, pc}
   d4298:	00030240 	.word	0x00030240

000d429c <network_set_listen_timeout>:
DYNALIB_FN(9, system_net, network_has_credentials, bool(network_handle_t, uint32_t, void*))
DYNALIB_FN(10, system_net, network_set_credentials, int(network_handle_t, uint32_t, NetworkCredentials*, void*))
DYNALIB_FN(11, system_net, network_clear_credentials, bool(network_handle_t, uint32_t, NetworkCredentials*, void*))
DYNALIB_FN(12, system_net, network_set_listen_timeout, void(network_handle_t, uint16_t, void*))
   d429c:	b508      	push	{r3, lr}
   d429e:	4b02      	ldr	r3, [pc, #8]	; (d42a8 <network_set_listen_timeout+0xc>)
   d42a0:	681b      	ldr	r3, [r3, #0]
   d42a2:	6b1b      	ldr	r3, [r3, #48]	; 0x30
   d42a4:	9301      	str	r3, [sp, #4]
   d42a6:	bd08      	pop	{r3, pc}
   d42a8:	00030240 	.word	0x00030240

000d42ac <network_get_listen_timeout>:
DYNALIB_FN(13, system_net, network_get_listen_timeout, uint16_t(network_handle_t, uint32_t, void*))
   d42ac:	b508      	push	{r3, lr}
   d42ae:	4b02      	ldr	r3, [pc, #8]	; (d42b8 <network_get_listen_timeout+0xc>)
   d42b0:	681b      	ldr	r3, [r3, #0]
   d42b2:	6b5b      	ldr	r3, [r3, #52]	; 0x34
   d42b4:	9301      	str	r3, [sp, #4]
   d42b6:	bd08      	pop	{r3, pc}
   d42b8:	00030240 	.word	0x00030240

000d42bc <network_is_on>:
DYNALIB_FN(14, system_net, network_set_hostname, int(network_handle_t, uint32_t, const char*, void*))
DYNALIB_FN(15, system_net, network_get_hostname, int(network_handle_t, uint32_t, char*, size_t, void*))
DYNALIB_FN(16, system_net, network_is_on, bool(network_handle_t, void*))
   d42bc:	b508      	push	{r3, lr}
   d42be:	4b02      	ldr	r3, [pc, #8]	; (d42c8 <network_is_on+0xc>)
   d42c0:	681b      	ldr	r3, [r3, #0]
   d42c2:	6c1b      	ldr	r3, [r3, #64]	; 0x40
   d42c4:	9301      	str	r3, [sp, #4]
   d42c6:	bd08      	pop	{r3, pc}
   d42c8:	00030240 	.word	0x00030240

000d42cc <network_is_off>:
DYNALIB_FN(17, system_net, network_is_off, bool(network_handle_t, void*))
   d42cc:	b508      	push	{r3, lr}
   d42ce:	4b02      	ldr	r3, [pc, #8]	; (d42d8 <network_is_off+0xc>)
   d42d0:	681b      	ldr	r3, [r3, #0]
   d42d2:	6c5b      	ldr	r3, [r3, #68]	; 0x44
   d42d4:	9301      	str	r3, [sp, #4]
   d42d6:	bd08      	pop	{r3, pc}
   d42d8:	00030240 	.word	0x00030240

000d42dc <set_system_mode>:
#endif

DYNALIB_BEGIN(system)

DYNALIB_FN(0, system, system_mode, System_Mode_TypeDef(void))
DYNALIB_FN(1, system, set_system_mode, void(System_Mode_TypeDef))
   d42dc:	b508      	push	{r3, lr}
   d42de:	4b02      	ldr	r3, [pc, #8]	; (d42e8 <set_system_mode+0xc>)
   d42e0:	681b      	ldr	r3, [r3, #0]
   d42e2:	685b      	ldr	r3, [r3, #4]
   d42e4:	9301      	str	r3, [sp, #4]
   d42e6:	bd08      	pop	{r3, pc}
   d42e8:	00030220 	.word	0x00030220

000d42ec <system_ctrl_set_app_request_handler>:
DYNALIB_FN(BASE_IDX + 6, system, led_pattern_period, uint16_t(int, int, void*))
DYNALIB_FN(BASE_IDX + 7, system, system_set_tester_handlers, int(system_tester_handlers_t*, void*))
DYNALIB_FN(BASE_IDX + 8, system, system_format_diag_data, int(const uint16_t*, size_t, unsigned, appender_fn, void*, void*))

// Control requests
DYNALIB_FN(BASE_IDX + 9, system, system_ctrl_set_app_request_handler, int(ctrl_request_handler_fn, void*))
   d42ec:	b508      	push	{r3, lr}
   d42ee:	4b03      	ldr	r3, [pc, #12]	; (d42fc <system_ctrl_set_app_request_handler+0x10>)
   d42f0:	681b      	ldr	r3, [r3, #0]
   d42f2:	f8d3 3088 	ldr.w	r3, [r3, #136]	; 0x88
   d42f6:	9301      	str	r3, [sp, #4]
   d42f8:	bd08      	pop	{r3, pc}
   d42fa:	0000      	.short	0x0000
   d42fc:	00030220 	.word	0x00030220

000d4300 <system_ctrl_set_result>:
DYNALIB_FN(BASE_IDX + 10, system, system_ctrl_alloc_reply_data, int(ctrl_request*, size_t, void*))
DYNALIB_FN(BASE_IDX + 11, system, system_ctrl_free_request_data, void(ctrl_request*, void*))
DYNALIB_FN(BASE_IDX + 12, system, system_ctrl_set_result, void(ctrl_request*, int, ctrl_completion_handler_fn, void*, void*))
   d4300:	b508      	push	{r3, lr}
   d4302:	4b03      	ldr	r3, [pc, #12]	; (d4310 <system_ctrl_set_result+0x10>)
   d4304:	681b      	ldr	r3, [r3, #0]
   d4306:	f8d3 3094 	ldr.w	r3, [r3, #148]	; 0x94
   d430a:	9301      	str	r3, [sp, #4]
   d430c:	bd08      	pop	{r3, pc}
   d430e:	0000      	.short	0x0000
   d4310:	00030220 	.word	0x00030220

000d4314 <malloc>:
#include "hal_platform.h"
#endif // defined(DYNALIB_EXPORT) || (defined(DYNALIB_IMPORT) && !defined(RT_DYNALIB_NO_DEPENDENCY_BREAKING_IMPORTS))

DYNALIB_BEGIN(rt)

DYNALIB_FN(0, rt, malloc, void*(size_t))
   d4314:	b508      	push	{r3, lr}
   d4316:	4b02      	ldr	r3, [pc, #8]	; (d4320 <malloc+0xc>)
   d4318:	681b      	ldr	r3, [r3, #0]
   d431a:	681b      	ldr	r3, [r3, #0]
   d431c:	9301      	str	r3, [sp, #4]
   d431e:	bd08      	pop	{r3, pc}
   d4320:	0003021c 	.word	0x0003021c

000d4324 <free>:
DYNALIB_FN(1, rt, free, void(void*))
   d4324:	b508      	push	{r3, lr}
   d4326:	4b02      	ldr	r3, [pc, #8]	; (d4330 <free+0xc>)
   d4328:	681b      	ldr	r3, [r3, #0]
   d432a:	685b      	ldr	r3, [r3, #4]
   d432c:	9301      	str	r3, [sp, #4]
   d432e:	bd08      	pop	{r3, pc}
   d4330:	0003021c 	.word	0x0003021c

000d4334 <newlib_impure_ptr_callback>:
// RT is currently being imported into system-part1 from system-part2,
// which is the reverse direction.

#if defined(DYNALIB_EXPORT) || (defined(DYNALIB_IMPORT) && !defined(RT_DYNALIB_NO_DEPENDENCY_BREAKING_IMPORTS))
DYNALIB_FN(16, rt, __assert_func, void(const char*, int, const char*, const char*))
DYNALIB_FN(17, rt, newlib_impure_ptr_callback, void(void (*)(struct _reent*, size_t, uint32_t, void*), void*))
   d4334:	b508      	push	{r3, lr}
   d4336:	4b02      	ldr	r3, [pc, #8]	; (d4340 <newlib_impure_ptr_callback+0xc>)
   d4338:	681b      	ldr	r3, [r3, #0]
   d433a:	6c5b      	ldr	r3, [r3, #68]	; 0x44
   d433c:	9301      	str	r3, [sp, #4]
   d433e:	bd08      	pop	{r3, pc}
   d4340:	0003021c 	.word	0x0003021c

000d4344 <_ZN5spark12NetworkClass7connectEj>:
        return Network;
    }
}

void NetworkClass::connect(unsigned flags) {
    network_connect(*this, flags, 0, nullptr);
   d4344:	2300      	movs	r3, #0
   d4346:	6840      	ldr	r0, [r0, #4]
   d4348:	461a      	mov	r2, r3
   d434a:	f7ff bf67 	b.w	d421c <network_connect>

000d434e <_ZN5spark12NetworkClass10disconnectEv>:
}

void NetworkClass::disconnect() {
    network_disconnect(*this, NETWORK_DISCONNECT_REASON_USER, nullptr);
   d434e:	6840      	ldr	r0, [r0, #4]
   d4350:	2200      	movs	r2, #0
   d4352:	2102      	movs	r1, #2
   d4354:	f7ff bf72 	b.w	d423c <network_disconnect>

000d4358 <_ZN5spark12NetworkClass10connectingEv>:
}

bool NetworkClass::connecting() {
    return network_connecting(*this, 0, nullptr);
   d4358:	2200      	movs	r2, #0
   d435a:	6840      	ldr	r0, [r0, #4]
   d435c:	4611      	mov	r1, r2
   d435e:	f7ff bf65 	b.w	d422c <network_connecting>

000d4362 <_ZN5spark12NetworkClass5readyEv>:
}

bool NetworkClass::ready() {
    return network_ready(*this, 0, nullptr);
   d4362:	2200      	movs	r2, #0
   d4364:	6840      	ldr	r0, [r0, #4]
   d4366:	4611      	mov	r1, r2
   d4368:	f7ff bf70 	b.w	d424c <network_ready>

000d436c <_ZN5spark12NetworkClass2onEv>:
}

void NetworkClass::on() {
    network_on(*this, 0, 0, nullptr);
   d436c:	2300      	movs	r3, #0
   d436e:	6840      	ldr	r0, [r0, #4]
   d4370:	461a      	mov	r2, r3
   d4372:	4619      	mov	r1, r3
   d4374:	f7ff bf72 	b.w	d425c <network_on>

000d4378 <_ZN5spark12NetworkClass3offEv>:
}

void NetworkClass::off() {
    network_off(*this, 0, 0, nullptr);
   d4378:	2300      	movs	r3, #0
   d437a:	6840      	ldr	r0, [r0, #4]
   d437c:	461a      	mov	r2, r3
   d437e:	4619      	mov	r1, r3
   d4380:	f7ff bf74 	b.w	d426c <network_off>

000d4384 <_ZN5spark12NetworkClass4isOnEv>:
}

bool NetworkClass::isOn() {
    return network_is_on(*this, nullptr);
   d4384:	6840      	ldr	r0, [r0, #4]
   d4386:	2100      	movs	r1, #0
   d4388:	f7ff bf98 	b.w	d42bc <network_is_on>

000d438c <_ZN5spark12NetworkClass5isOffEv>:
}

bool NetworkClass::isOff() {
    return network_is_off(*this, nullptr);
   d438c:	6840      	ldr	r0, [r0, #4]
   d438e:	2100      	movs	r1, #0
   d4390:	f7ff bf9c 	b.w	d42cc <network_is_off>

000d4394 <_ZN5spark12NetworkClass6listenEb>:
}

void NetworkClass::listen(bool begin) {
    network_listen(*this, begin ? 0 : 1, nullptr);
   d4394:	6840      	ldr	r0, [r0, #4]
   d4396:	2200      	movs	r2, #0
   d4398:	f081 0101 	eor.w	r1, r1, #1
   d439c:	f7ff bf6e 	b.w	d427c <network_listen>

000d43a0 <_ZN5spark12NetworkClass16setListenTimeoutEt>:
}

void NetworkClass::setListenTimeout(uint16_t timeout) {
    network_set_listen_timeout(*this, timeout, nullptr);
   d43a0:	6840      	ldr	r0, [r0, #4]
   d43a2:	2200      	movs	r2, #0
   d43a4:	f7ff bf7a 	b.w	d429c <network_set_listen_timeout>

000d43a8 <_ZN5spark12NetworkClass16getListenTimeoutEv>:
}

uint16_t NetworkClass::getListenTimeout() {
    return network_get_listen_timeout(*this, 0, nullptr);
   d43a8:	2200      	movs	r2, #0
   d43aa:	6840      	ldr	r0, [r0, #4]
   d43ac:	4611      	mov	r1, r2
   d43ae:	f7ff bf7d 	b.w	d42ac <network_get_listen_timeout>

000d43b2 <_ZN5spark12NetworkClass9listeningEv>:
}

bool NetworkClass::listening() {
    return network_listening(*this, 0, nullptr);
   d43b2:	2200      	movs	r2, #0
   d43b4:	6840      	ldr	r0, [r0, #4]
   d43b6:	4611      	mov	r1, r2
   d43b8:	f7ff bf68 	b.w	d428c <network_listening>

000d43bc <_ZN5spark12NetworkClass7resolveEPKc>:
}

IPAddress NetworkClass::resolve(const char* name) {
   d43bc:	e92d 43f0 	stmdb	sp!, {r4, r5, r6, r7, r8, r9, lr}
    IPAddress addr;
#if HAL_USE_INET_HAL_POSIX
    struct addrinfo *ai = nullptr;
   d43c0:	2400      	movs	r4, #0
IPAddress NetworkClass::resolve(const char* name) {
   d43c2:	b095      	sub	sp, #84	; 0x54
   d43c4:	4616      	mov	r6, r2
   d43c6:	460d      	mov	r5, r1
   d43c8:	4607      	mov	r7, r0
    IPAddress addr;
   d43ca:	f000 f963 	bl	d4694 <_ZN9IPAddressC1Ev>
    struct addrinfo hints = {};
   d43ce:	4621      	mov	r1, r4
   d43d0:	2218      	movs	r2, #24
   d43d2:	a80e      	add	r0, sp, #56	; 0x38
    struct addrinfo *ai = nullptr;
   d43d4:	9400      	str	r4, [sp, #0]
    struct addrinfo hints = {};
   d43d6:	f000 fb7b 	bl	d4ad0 <memset>
    hints.ai_flags = AI_ADDRCONFIG;
   d43da:	2340      	movs	r3, #64	; 0x40
    hints.ai_family = AF_UNSPEC;
   d43dc:	e9cd 340c 	strd	r3, r4, [sp, #48]	; 0x30
    const int r = getaddrinfo(name, nullptr, &hints, &ai);
   d43e0:	4621      	mov	r1, r4
   d43e2:	466b      	mov	r3, sp
   d43e4:	aa0c      	add	r2, sp, #48	; 0x30
   d43e6:	4630      	mov	r0, r6
   d43e8:	f7ff ff08 	bl	d41fc <netdb_getaddrinfo>
    if (!r) {
   d43ec:	4604      	mov	r4, r0
   d43ee:	2800      	cmp	r0, #0
   d43f0:	d146      	bne.n	d4480 <_ZN5spark12NetworkClass7resolveEPKc+0xc4>
        bool ok = false;
        // This is not really needed if AI_ADDRCONFIG is properly supported
        bool ipv4 = network_ready(*this, NETWORK_READY_TYPE_IPV4, nullptr);
   d43f2:	4602      	mov	r2, r0
   d43f4:	2101      	movs	r1, #1
   d43f6:	6868      	ldr	r0, [r5, #4]
   d43f8:	f7ff ff28 	bl	d424c <network_ready>
        bool ipv6 = network_ready(*this, NETWORK_READY_TYPE_IPV6, nullptr);
   d43fc:	2102      	movs	r1, #2
        bool ipv4 = network_ready(*this, NETWORK_READY_TYPE_IPV4, nullptr);
   d43fe:	4680      	mov	r8, r0
        bool ipv6 = network_ready(*this, NETWORK_READY_TYPE_IPV6, nullptr);
   d4400:	4622      	mov	r2, r4
   d4402:	6868      	ldr	r0, [r5, #4]
   d4404:	f7ff ff22 	bl	d424c <network_ready>
        for (auto cur = ai; cur != nullptr && !ok; cur = cur->ai_next) {
   d4408:	9e00      	ldr	r6, [sp, #0]
        bool ipv6 = network_ready(*this, NETWORK_READY_TYPE_IPV6, nullptr);
   d440a:	4681      	mov	r9, r0
        bool ok = false;
   d440c:	4621      	mov	r1, r4
        for (auto cur = ai; cur != nullptr && !ok; cur = cur->ai_next) {
   d440e:	2e00      	cmp	r6, #0
   d4410:	d036      	beq.n	d4480 <_ZN5spark12NetworkClass7resolveEPKc+0xc4>
   d4412:	2900      	cmp	r1, #0
   d4414:	d134      	bne.n	d4480 <_ZN5spark12NetworkClass7resolveEPKc+0xc4>
            // NOTE: using only the first entry that matches the current state of IPv4/IPv6 connectivity
            switch (cur->ai_family) {
   d4416:	6873      	ldr	r3, [r6, #4]
   d4418:	2b02      	cmp	r3, #2
   d441a:	d003      	beq.n	d4424 <_ZN5spark12NetworkClass7resolveEPKc+0x68>
   d441c:	2b0a      	cmp	r3, #10
   d441e:	d00b      	beq.n	d4438 <_ZN5spark12NetworkClass7resolveEPKc+0x7c>
        for (auto cur = ai; cur != nullptr && !ok; cur = cur->ai_next) {
   d4420:	69f6      	ldr	r6, [r6, #28]
   d4422:	e7f4      	b.n	d440e <_ZN5spark12NetworkClass7resolveEPKc+0x52>
                case AF_INET: {
                    if (!ipv4) {
   d4424:	f1b8 0f00 	cmp.w	r8, #0
   d4428:	d004      	beq.n	d4434 <_ZN5spark12NetworkClass7resolveEPKc+0x78>
                        continue;
                    }
                    // NOTE: HAL_IPAddress is little-endian
                    auto in = (struct sockaddr_in*)cur->ai_addr;
                    addr = (const uint8_t*)(&in->sin_addr.s_addr);
   d442a:	6971      	ldr	r1, [r6, #20]
   d442c:	4638      	mov	r0, r7
   d442e:	3104      	adds	r1, #4
   d4430:	f000 f95d 	bl	d46ee <_ZN9IPAddressaSEPKh>
                    ok = true;
                    break;
   d4434:	4641      	mov	r1, r8
   d4436:	e7f3      	b.n	d4420 <_ZN5spark12NetworkClass7resolveEPKc+0x64>
                }
                case AF_INET6: {
                    if (!ipv6) {
   d4438:	f1b9 0f00 	cmp.w	r9, #0
   d443c:	d101      	bne.n	d4442 <_ZN5spark12NetworkClass7resolveEPKc+0x86>
                    auto in6 = (struct sockaddr_in6*)cur->ai_addr;
                    HAL_IPAddress a = {};
                    a.v = 6;
                    memcpy(a.ipv6, in6->sin6_addr.s6_addr, sizeof(a.ipv6));
                    addr = IPAddress(a);
                    ok = true;
   d443e:	4649      	mov	r1, r9
   d4440:	e7ee      	b.n	d4420 <_ZN5spark12NetworkClass7resolveEPKc+0x64>
                    auto in6 = (struct sockaddr_in6*)cur->ai_addr;
   d4442:	6974      	ldr	r4, [r6, #20]
                    HAL_IPAddress a = {};
   d4444:	2210      	movs	r2, #16
   d4446:	a801      	add	r0, sp, #4
   d4448:	f000 fb42 	bl	d4ad0 <memset>
                    a.v = 6;
   d444c:	2306      	movs	r3, #6
   d444e:	f88d 3014 	strb.w	r3, [sp, #20]
                    memcpy(a.ipv6, in6->sin6_addr.s6_addr, sizeof(a.ipv6));
   d4452:	ad01      	add	r5, sp, #4
   d4454:	f104 0308 	add.w	r3, r4, #8
   d4458:	3418      	adds	r4, #24
   d445a:	6818      	ldr	r0, [r3, #0]
   d445c:	6859      	ldr	r1, [r3, #4]
   d445e:	462a      	mov	r2, r5
   d4460:	c203      	stmia	r2!, {r0, r1}
   d4462:	3308      	adds	r3, #8
   d4464:	42a3      	cmp	r3, r4
   d4466:	4615      	mov	r5, r2
   d4468:	d1f7      	bne.n	d445a <_ZN5spark12NetworkClass7resolveEPKc+0x9e>
                    addr = IPAddress(a);
   d446a:	a901      	add	r1, sp, #4
   d446c:	a806      	add	r0, sp, #24

/**
 * The IP address stored in host order.
 *
 */
class IPAddress : public Printable {
   d446e:	ad07      	add	r5, sp, #28
   d4470:	f000 f91e 	bl	d46b0 <_ZN9IPAddressC1ERK16_HAL_IPAddress_t>
   d4474:	cd0f      	ldmia	r5!, {r0, r1, r2, r3}
   d4476:	1d3c      	adds	r4, r7, #4
   d4478:	c40f      	stmia	r4!, {r0, r1, r2, r3}
   d447a:	682b      	ldr	r3, [r5, #0]
   d447c:	7023      	strb	r3, [r4, #0]
   d447e:	e7de      	b.n	d443e <_ZN5spark12NetworkClass7resolveEPKc+0x82>
                    break;
                }
            }
        }
    }
    freeaddrinfo(ai);
   d4480:	9800      	ldr	r0, [sp, #0]
   d4482:	f7ff feb3 	bl	d41ec <netdb_freeaddrinfo>
    return Cellular.resolve(name);
#endif // Wiring_Cellular

#endif // HAL_USE_INET_HAL_POSIX
    return addr;
}
   d4486:	4638      	mov	r0, r7
   d4488:	b015      	add	sp, #84	; 0x54
   d448a:	e8bd 83f0 	ldmia.w	sp!, {r4, r5, r6, r7, r8, r9, pc}
	...

000d4490 <_GLOBAL__sub_I__ZN5spark7NetworkE>:
    static NetworkClass& from(network_interface_t nif);

    virtual IPAddress resolve(const char* name);

    explicit NetworkClass(network_interface_t iface)
            : iface_(iface) {
   d4490:	4b02      	ldr	r3, [pc, #8]	; (d449c <_GLOBAL__sub_I__ZN5spark7NetworkE+0xc>)
   d4492:	4a03      	ldr	r2, [pc, #12]	; (d44a0 <_GLOBAL__sub_I__ZN5spark7NetworkE+0x10>)
   d4494:	601a      	str	r2, [r3, #0]
   d4496:	2200      	movs	r2, #0
   d4498:	605a      	str	r2, [r3, #4]

} // spark
   d449a:	4770      	bx	lr
   d449c:	2003e5cc 	.word	0x2003e5cc
   d44a0:	000d4c20 	.word	0x000d4c20

000d44a4 <_ZN5spark9WiFiClass5readyEv>:
    bool connecting(void) {
        return network_connecting(*this, 0, NULL);
    }

    bool ready(void) {
        return network_ready(*this, 0, NULL);
   d44a4:	2200      	movs	r2, #0
   d44a6:	6840      	ldr	r0, [r0, #4]
   d44a8:	4611      	mov	r1, r2
   d44aa:	f7ff becf 	b.w	d424c <network_ready>

000d44ae <_ZN5spark9WiFiClass9listeningEv>:
    uint16_t getListenTimeout(void) {
        return network_get_listen_timeout(*this, 0, NULL);
    }

    bool listening(void) {
        return network_listening(*this, 0, NULL);
   d44ae:	2200      	movs	r2, #0
   d44b0:	6840      	ldr	r0, [r0, #4]
   d44b2:	4611      	mov	r1, r2
   d44b4:	f7ff beea 	b.w	d428c <network_listening>

000d44b8 <_ZN5spark9WiFiClass16getListenTimeoutEv>:
        return network_get_listen_timeout(*this, 0, NULL);
   d44b8:	2200      	movs	r2, #0
   d44ba:	6840      	ldr	r0, [r0, #4]
   d44bc:	4611      	mov	r1, r2
   d44be:	f7ff bef5 	b.w	d42ac <network_get_listen_timeout>

000d44c2 <_ZN5spark9WiFiClass16setListenTimeoutEt>:
        network_set_listen_timeout(*this, timeout, NULL);
   d44c2:	6840      	ldr	r0, [r0, #4]
   d44c4:	2200      	movs	r2, #0
   d44c6:	f7ff bee9 	b.w	d429c <network_set_listen_timeout>

000d44ca <_ZN5spark9WiFiClass6listenEb>:
        network_listen(*this, begin ? 0 : 1, NULL);
   d44ca:	6840      	ldr	r0, [r0, #4]
   d44cc:	2200      	movs	r2, #0
   d44ce:	f081 0101 	eor.w	r1, r1, #1
   d44d2:	f7ff bed3 	b.w	d427c <network_listen>

000d44d6 <_ZN5spark9WiFiClass3offEv>:
        network_off(*this, 0, 0, NULL);
   d44d6:	2300      	movs	r3, #0
   d44d8:	6840      	ldr	r0, [r0, #4]
   d44da:	461a      	mov	r2, r3
   d44dc:	4619      	mov	r1, r3
   d44de:	f7ff bec5 	b.w	d426c <network_off>

000d44e2 <_ZN5spark9WiFiClass2onEv>:
        network_on(*this, 0, 0, NULL);
   d44e2:	2300      	movs	r3, #0
   d44e4:	6840      	ldr	r0, [r0, #4]
   d44e6:	461a      	mov	r2, r3
   d44e8:	4619      	mov	r1, r3
   d44ea:	f7ff beb7 	b.w	d425c <network_on>

000d44ee <_ZN5spark9WiFiClass10connectingEv>:
        return network_connecting(*this, 0, NULL);
   d44ee:	2200      	movs	r2, #0
   d44f0:	6840      	ldr	r0, [r0, #4]
   d44f2:	4611      	mov	r1, r2
   d44f4:	f7ff be9a 	b.w	d422c <network_connecting>

000d44f8 <_ZN5spark9WiFiClass10disconnectEv>:
        network_disconnect(*this, NETWORK_DISCONNECT_REASON_USER, NULL);
   d44f8:	6840      	ldr	r0, [r0, #4]
   d44fa:	2200      	movs	r2, #0
   d44fc:	2102      	movs	r1, #2
   d44fe:	f7ff be9d 	b.w	d423c <network_disconnect>

000d4502 <_ZN5spark9WiFiClass7connectEj>:
        network_connect(*this, flags, 0, NULL);
   d4502:	2300      	movs	r3, #0
   d4504:	6840      	ldr	r0, [r0, #4]
   d4506:	461a      	mov	r2, r3
   d4508:	f7ff be88 	b.w	d421c <network_connect>

000d450c <_GLOBAL__sub_I__ZN10WiFiSignalC2ERK21wlan_connected_info_t>:
   d450c:	4b02      	ldr	r3, [pc, #8]	; (d4518 <_GLOBAL__sub_I__ZN10WiFiSignalC2ERK21wlan_connected_info_t+0xc>)
   d450e:	2204      	movs	r2, #4
   d4510:	605a      	str	r2, [r3, #4]
            NetworkClass(NETWORK_INTERFACE_WIFI_STA) {
   d4512:	4a02      	ldr	r2, [pc, #8]	; (d451c <_GLOBAL__sub_I__ZN10WiFiSignalC2ERK21wlan_connected_info_t+0x10>)
   d4514:	601a      	str	r2, [r3, #0]
the same way.
*****************************************************************************/

    WiFiClass WiFi;
    // NetworkClass& Network = WiFi;
}
   d4516:	4770      	bx	lr
   d4518:	2003e5d4 	.word	0x2003e5d4
   d451c:	000d4c5c 	.word	0x000d4c5c

000d4520 <_ZN9USBSerial14blockOnOverrunEb>:
  HAL_USB_USART_Flush_Data(_serial);
}

void USBSerial::blockOnOverrun(bool block)
{
  _blocking = block;
   d4520:	7441      	strb	r1, [r0, #17]
}
   d4522:	4770      	bx	lr

000d4524 <__tcf_0>:
}

USBSerial& _fetch_usbserial()
{
  HAL_USB_USART_Config conf = acquireSerialBuffer();
	static USBSerial _usbserial(HAL_USB_USART_SERIAL, conf);
   d4524:	4770      	bx	lr

000d4526 <_ZN9USBSerialD1Ev>:
#include "usb_hal.h"
#include "system_task.h"
#include "spark_wiring_startup.h"
#include "concurrent_hal.h"

class USBSerial : public Stream
   d4526:	4770      	bx	lr

000d4528 <_ZN9USBSerial4readEv>:
{
   d4528:	b508      	push	{r3, lr}
	return std::max(-1, (int)HAL_USB_USART_Receive_Data(_serial, false));
   d452a:	2100      	movs	r1, #0
   d452c:	7c00      	ldrb	r0, [r0, #16]
   d452e:	f7ff fded 	bl	d410c <HAL_USB_USART_Receive_Data>
}
   d4532:	ea40 70e0 	orr.w	r0, r0, r0, asr #31
   d4536:	bd08      	pop	{r3, pc}

000d4538 <_ZN9USBSerial4peekEv>:
{
   d4538:	b508      	push	{r3, lr}
	return std::max(-1, (int)HAL_USB_USART_Receive_Data(_serial, true));
   d453a:	2101      	movs	r1, #1
   d453c:	7c00      	ldrb	r0, [r0, #16]
   d453e:	f7ff fde5 	bl	d410c <HAL_USB_USART_Receive_Data>
}
   d4542:	ea40 70e0 	orr.w	r0, r0, r0, asr #31
   d4546:	bd08      	pop	{r3, pc}

000d4548 <_ZN9USBSerial17availableForWriteEv>:
{
   d4548:	b508      	push	{r3, lr}
  return std::max(0, (int)HAL_USB_USART_Available_Data_For_Write(_serial));
   d454a:	7c00      	ldrb	r0, [r0, #16]
   d454c:	f7ff fdd6 	bl	d40fc <HAL_USB_USART_Available_Data_For_Write>
}
   d4550:	ea20 70e0 	bic.w	r0, r0, r0, asr #31
   d4554:	bd08      	pop	{r3, pc}

000d4556 <_ZN9USBSerial9availableEv>:
{
   d4556:	b508      	push	{r3, lr}
	return std::max(0, (int)HAL_USB_USART_Available_Data(_serial));
   d4558:	7c00      	ldrb	r0, [r0, #16]
   d455a:	f7ff fdc7 	bl	d40ec <HAL_USB_USART_Available_Data>
}
   d455e:	ea20 70e0 	bic.w	r0, r0, r0, asr #31
   d4562:	bd08      	pop	{r3, pc}

000d4564 <_ZN9USBSerial5writeEh>:
{
   d4564:	b513      	push	{r0, r1, r4, lr}
   d4566:	4604      	mov	r4, r0
  if (HAL_USB_USART_Available_Data_For_Write(_serial) > 0 || _blocking) {
   d4568:	7c00      	ldrb	r0, [r0, #16]
{
   d456a:	9101      	str	r1, [sp, #4]
  if (HAL_USB_USART_Available_Data_For_Write(_serial) > 0 || _blocking) {
   d456c:	f7ff fdc6 	bl	d40fc <HAL_USB_USART_Available_Data_For_Write>
   d4570:	2800      	cmp	r0, #0
   d4572:	9901      	ldr	r1, [sp, #4]
   d4574:	dc01      	bgt.n	d457a <_ZN9USBSerial5writeEh+0x16>
   d4576:	7c60      	ldrb	r0, [r4, #17]
   d4578:	b120      	cbz	r0, d4584 <_ZN9USBSerial5writeEh+0x20>
    return std::max(0, (int)HAL_USB_USART_Send_Data(_serial, byte));
   d457a:	7c20      	ldrb	r0, [r4, #16]
   d457c:	f7ff fdce 	bl	d411c <HAL_USB_USART_Send_Data>
   d4580:	ea20 70e0 	bic.w	r0, r0, r0, asr #31
}
   d4584:	b002      	add	sp, #8
   d4586:	bd10      	pop	{r4, pc}

000d4588 <_ZN9USBSerial5flushEv>:
  HAL_USB_USART_Flush_Data(_serial);
   d4588:	7c00      	ldrb	r0, [r0, #16]
   d458a:	f7ff bdcf 	b.w	d412c <HAL_USB_USART_Flush_Data>

000d458e <_ZN9USBSerialD0Ev>:
   d458e:	b510      	push	{r4, lr}
   d4590:	2114      	movs	r1, #20
   d4592:	4604      	mov	r4, r0
   d4594:	f000 fa86 	bl	d4aa4 <_ZdlPvj>
   d4598:	4620      	mov	r0, r4
   d459a:	bd10      	pop	{r4, pc}

000d459c <_ZN9USBSerialC1E20HAL_USB_USART_SerialRK20HAL_USB_USART_Config>:
USBSerial::USBSerial(HAL_USB_USART_Serial serial, const HAL_USB_USART_Config& conf)
   d459c:	b510      	push	{r4, lr}
    virtual int available() = 0;
    virtual int read() = 0;
    virtual int peek() = 0;
    virtual void flush() = 0;

    Stream() {_timeout=1000;}
   d459e:	f44f 737a 	mov.w	r3, #1000	; 0x3e8
   d45a2:	4604      	mov	r4, r0
   d45a4:	4608      	mov	r0, r1
   d45a6:	2100      	movs	r1, #0
   d45a8:	e9c4 1301 	strd	r1, r3, [r4, #4]
   d45ac:	4b04      	ldr	r3, [pc, #16]	; (d45c0 <_ZN9USBSerialC1E20HAL_USB_USART_SerialRK20HAL_USB_USART_Config+0x24>)
   d45ae:	6023      	str	r3, [r4, #0]
  _blocking = true;
   d45b0:	2301      	movs	r3, #1
  _serial = serial;
   d45b2:	7420      	strb	r0, [r4, #16]
  _blocking = true;
   d45b4:	7463      	strb	r3, [r4, #17]
  HAL_USB_USART_Init(_serial, &conf);
   d45b6:	4611      	mov	r1, r2
   d45b8:	f7ff fd90 	bl	d40dc <HAL_USB_USART_Init>
}
   d45bc:	4620      	mov	r0, r4
   d45be:	bd10      	pop	{r4, pc}
   d45c0:	000d4c98 	.word	0x000d4c98

000d45c4 <_Z19acquireSerialBufferv>:
{
   d45c4:	b510      	push	{r4, lr}
  HAL_USB_USART_Config conf = {0};
   d45c6:	2214      	movs	r2, #20
{
   d45c8:	4604      	mov	r4, r0
  HAL_USB_USART_Config conf = {0};
   d45ca:	2100      	movs	r1, #0
   d45cc:	f000 fa80 	bl	d4ad0 <memset>
}
   d45d0:	4620      	mov	r0, r4
   d45d2:	bd10      	pop	{r4, pc}

000d45d4 <_Z16_fetch_usbserialv>:
{
   d45d4:	b510      	push	{r4, lr}
	static USBSerial _usbserial(HAL_USB_USART_SERIAL, conf);
   d45d6:	4c0f      	ldr	r4, [pc, #60]	; (d4614 <_Z16_fetch_usbserialv+0x40>)
{
   d45d8:	b088      	sub	sp, #32
  HAL_USB_USART_Config conf = acquireSerialBuffer();
   d45da:	a803      	add	r0, sp, #12
   d45dc:	f7ff fff2 	bl	d45c4 <_Z19acquireSerialBufferv>
	static USBSerial _usbserial(HAL_USB_USART_SERIAL, conf);
   d45e0:	7821      	ldrb	r1, [r4, #0]
   d45e2:	f3bf 8f5b 	dmb	ish
   d45e6:	f011 0101 	ands.w	r1, r1, #1
   d45ea:	d10f      	bne.n	d460c <_Z16_fetch_usbserialv+0x38>
   d45ec:	4620      	mov	r0, r4
   d45ee:	9101      	str	r1, [sp, #4]
   d45f0:	f7ff fd51 	bl	d4096 <__cxa_guard_acquire>
   d45f4:	9901      	ldr	r1, [sp, #4]
   d45f6:	b148      	cbz	r0, d460c <_Z16_fetch_usbserialv+0x38>
   d45f8:	aa03      	add	r2, sp, #12
   d45fa:	4807      	ldr	r0, [pc, #28]	; (d4618 <_Z16_fetch_usbserialv+0x44>)
   d45fc:	f7ff ffce 	bl	d459c <_ZN9USBSerialC1E20HAL_USB_USART_SerialRK20HAL_USB_USART_Config>
   d4600:	4620      	mov	r0, r4
   d4602:	f7ff fd4d 	bl	d40a0 <__cxa_guard_release>
   d4606:	4805      	ldr	r0, [pc, #20]	; (d461c <_Z16_fetch_usbserialv+0x48>)
   d4608:	f000 fa4e 	bl	d4aa8 <atexit>
	return _usbserial;
}
   d460c:	4802      	ldr	r0, [pc, #8]	; (d4618 <_Z16_fetch_usbserialv+0x44>)
   d460e:	b008      	add	sp, #32
   d4610:	bd10      	pop	{r4, pc}
   d4612:	bf00      	nop
   d4614:	2003e5dc 	.word	0x2003e5dc
   d4618:	2003e5e0 	.word	0x2003e5e0
   d461c:	000d4525 	.word	0x000d4525

000d4620 <_ZN9IPAddressD1Ev>:
    IPAddress(uint8_t first_octet, uint8_t second_octet, uint8_t third_octet, uint8_t fourth_octet);
    IPAddress(uint32_t address);
    IPAddress(const uint8_t* address);
    IPAddress(const HAL_IPAddress& address);

    virtual ~IPAddress() {}
   d4620:	4770      	bx	lr

000d4622 <_ZN9IPAddressD0Ev>:
   d4622:	b510      	push	{r4, lr}
   d4624:	2118      	movs	r1, #24
   d4626:	4604      	mov	r4, r0
   d4628:	f000 fa3c 	bl	d4aa4 <_ZdlPvj>
   d462c:	4620      	mov	r0, r4
   d462e:	bd10      	pop	{r4, pc}

000d4630 <_ZNK9IPAddress7printToER5Print>:
#endif // Wiring_IPv6
	return address.ipv4==that.address.ipv4;
}

size_t IPAddress::printTo(Print& p) const
{
   d4630:	b5f0      	push	{r4, r5, r6, r7, lr}
#if Wiring_IPv6
#if HAL_USE_INET_HAL_POSIX
	if (address.v==6) {
   d4632:	7d03      	ldrb	r3, [r0, #20]
   d4634:	2b06      	cmp	r3, #6
{
   d4636:	b08d      	sub	sp, #52	; 0x34
   d4638:	460e      	mov	r6, r1
   d463a:	f100 0704 	add.w	r7, r0, #4
   d463e:	f04f 0400 	mov.w	r4, #0
	if (address.v==6) {
   d4642:	d012      	beq.n	d466a <_ZNK9IPAddress7printToER5Print+0x3a>
   d4644:	f100 0508 	add.w	r5, r0, #8
            val = n;
        }
#if __GNUC__ >= 9
#pragma GCC diagnostic pop
#endif // __GNUC__ >= 9
        return printNumber(val, base) + t;
   d4648:	f815 1d01 	ldrb.w	r1, [r5, #-1]!
   d464c:	220a      	movs	r2, #10
   d464e:	4630      	mov	r0, r6
   d4650:	f000 f937 	bl	d48c2 <_ZN5Print11printNumberEmh>
#else
#pragma message "HAL_USE_INET_HAL_POSIX is required for IPv6 support in IPAddress::printTo()"
#endif // HAL_USE_INET_HAL_POSIX
#endif // Wiring_IPv6
    size_t n = 0;
    for (int i = 0; i < 4; i++)
   d4654:	42af      	cmp	r7, r5
    {
        if (n)
            n += p.print('.');
        n += p.print((*this)[i], DEC);
   d4656:	4404      	add	r4, r0
    for (int i = 0; i < 4; i++)
   d4658:	d019      	beq.n	d468e <_ZNK9IPAddress7printToER5Print+0x5e>
        if (n)
   d465a:	2c00      	cmp	r4, #0
   d465c:	d0f4      	beq.n	d4648 <_ZNK9IPAddress7printToER5Print+0x18>
            n += p.print('.');
   d465e:	212e      	movs	r1, #46	; 0x2e
   d4660:	4630      	mov	r0, r6
   d4662:	f000 f92b 	bl	d48bc <_ZN5Print5printEc>
   d4666:	4404      	add	r4, r0
   d4668:	e7ee      	b.n	d4648 <_ZNK9IPAddress7printToER5Print+0x18>
		inet_inet_ntop(AF_INET6, address.ipv6, buf, sizeof(buf));
   d466a:	232f      	movs	r3, #47	; 0x2f
   d466c:	466a      	mov	r2, sp
   d466e:	4639      	mov	r1, r7
   d4670:	200a      	movs	r0, #10
		buf[0] = 0;
   d4672:	f88d 4000 	strb.w	r4, [sp]
		inet_inet_ntop(AF_INET6, address.ipv6, buf, sizeof(buf));
   d4676:	f7ff fd99 	bl	d41ac <inet_inet_ntop>
      return write((const uint8_t *)str, strlen(str));
   d467a:	4668      	mov	r0, sp
   d467c:	f000 fa54 	bl	d4b28 <strlen>
   d4680:	6833      	ldr	r3, [r6, #0]
   d4682:	4602      	mov	r2, r0
   d4684:	68db      	ldr	r3, [r3, #12]
   d4686:	4669      	mov	r1, sp
   d4688:	4630      	mov	r0, r6
   d468a:	4798      	blx	r3
   d468c:	4604      	mov	r4, r0
    }
    return n;
}
   d468e:	4620      	mov	r0, r4
   d4690:	b00d      	add	sp, #52	; 0x34
   d4692:	bdf0      	pop	{r4, r5, r6, r7, pc}

000d4694 <_ZN9IPAddressC1Ev>:
IPAddress::IPAddress()
   d4694:	b510      	push	{r4, lr}
   d4696:	4b05      	ldr	r3, [pc, #20]	; (d46ac <_ZN9IPAddressC1Ev+0x18>)
   d4698:	4604      	mov	r4, r0
        return address;
    }

    virtual size_t printTo(Print& p) const;

    void clear() { memset(&address, 0, sizeof (address)); }
   d469a:	2211      	movs	r2, #17
   d469c:	f840 3b04 	str.w	r3, [r0], #4
   d46a0:	2100      	movs	r1, #0
   d46a2:	f000 fa15 	bl	d4ad0 <memset>
}
   d46a6:	4620      	mov	r0, r4
   d46a8:	bd10      	pop	{r4, pc}
   d46aa:	bf00      	nop
   d46ac:	000d4cc8 	.word	0x000d4cc8

000d46b0 <_ZN9IPAddressC1ERK16_HAL_IPAddress_t>:
IPAddress::IPAddress(const HAL_IPAddress& address)
   d46b0:	4603      	mov	r3, r0
   d46b2:	4a07      	ldr	r2, [pc, #28]	; (d46d0 <_ZN9IPAddressC1ERK16_HAL_IPAddress_t+0x20>)
   d46b4:	b510      	push	{r4, lr}
   d46b6:	f843 2b04 	str.w	r2, [r3], #4
    memcpy(&this->address, &address, sizeof(address));
   d46ba:	f101 0210 	add.w	r2, r1, #16
   d46be:	f851 4b04 	ldr.w	r4, [r1], #4
   d46c2:	f843 4b04 	str.w	r4, [r3], #4
   d46c6:	4291      	cmp	r1, r2
   d46c8:	d1f9      	bne.n	d46be <_ZN9IPAddressC1ERK16_HAL_IPAddress_t+0xe>
   d46ca:	780a      	ldrb	r2, [r1, #0]
   d46cc:	701a      	strb	r2, [r3, #0]
}
   d46ce:	bd10      	pop	{r4, pc}
   d46d0:	000d4cc8 	.word	0x000d4cc8

000d46d4 <_ZN9IPAddress8set_ipv4Ehhhh>:
{
   d46d4:	b510      	push	{r4, lr}
    address.ipv4 = b0<<24 | b1 << 16 | b2 << 8 | b3;
   d46d6:	f89d 4008 	ldrb.w	r4, [sp, #8]
   d46da:	ea44 2303 	orr.w	r3, r4, r3, lsl #8
   d46de:	ea43 4202 	orr.w	r2, r3, r2, lsl #16
   d46e2:	ea42 6101 	orr.w	r1, r2, r1, lsl #24
        address.v = version;
   d46e6:	2304      	movs	r3, #4
   d46e8:	6041      	str	r1, [r0, #4]
   d46ea:	7503      	strb	r3, [r0, #20]
}
   d46ec:	bd10      	pop	{r4, pc}

000d46ee <_ZN9IPAddressaSEPKh>:
{
   d46ee:	b513      	push	{r0, r1, r4, lr}
    set_ipv4(address[0], address[1], address[2], address[3]);
   d46f0:	78cb      	ldrb	r3, [r1, #3]
   d46f2:	9300      	str	r3, [sp, #0]
   d46f4:	788b      	ldrb	r3, [r1, #2]
   d46f6:	784a      	ldrb	r2, [r1, #1]
   d46f8:	7809      	ldrb	r1, [r1, #0]
   d46fa:	f7ff ffeb 	bl	d46d4 <_ZN9IPAddress8set_ipv4Ehhhh>
}
   d46fe:	b002      	add	sp, #8
   d4700:	bd10      	pop	{r4, pc}
	...

000d4704 <_ZZ21module_user_init_hookENUlP6_reentjmPvE_4_FUNES0_jmS1_>:

void module_user_init_hook()
{
#if HAL_PLATFORM_NEWLIB
    newlib_impure_ptr_callback([](struct _reent* r, size_t size, uint32_t version, void* ctx) -> void {
        _impure_ptr = r;
   d4704:	4b01      	ldr	r3, [pc, #4]	; (d470c <_ZZ21module_user_init_hookENUlP6_reentjmPvE_4_FUNES0_jmS1_+0x8>)
   d4706:	6018      	str	r0, [r3, #0]
    }, nullptr);
   d4708:	4770      	bx	lr
   d470a:	bf00      	nop
   d470c:	2003e540 	.word	0x2003e540

000d4710 <serialEventRun>:
{
   d4710:	b508      	push	{r3, lr}
    if (serialEvent && Serial.available()>0)
   d4712:	4b0b      	ldr	r3, [pc, #44]	; (d4740 <serialEventRun+0x30>)
   d4714:	b143      	cbz	r3, d4728 <serialEventRun+0x18>
   d4716:	f7ff ff5d 	bl	d45d4 <_Z16_fetch_usbserialv>
   d471a:	6803      	ldr	r3, [r0, #0]
   d471c:	691b      	ldr	r3, [r3, #16]
   d471e:	4798      	blx	r3
   d4720:	2800      	cmp	r0, #0
   d4722:	dd01      	ble.n	d4728 <serialEventRun+0x18>
        serialEvent();
   d4724:	f3af 8000 	nop.w
    if (serialEvent1 && Serial1.available()>0)
   d4728:	4b06      	ldr	r3, [pc, #24]	; (d4744 <serialEventRun+0x34>)
   d472a:	b143      	cbz	r3, d473e <serialEventRun+0x2e>
   d472c:	f000 f944 	bl	d49b8 <_Z22__fetch_global_Serial1v>
   d4730:	6803      	ldr	r3, [r0, #0]
   d4732:	691b      	ldr	r3, [r3, #16]
   d4734:	4798      	blx	r3
   d4736:	2800      	cmp	r0, #0
   d4738:	dd01      	ble.n	d473e <serialEventRun+0x2e>
        serialEvent1();
   d473a:	f3af 8000 	nop.w
}
   d473e:	bd08      	pop	{r3, pc}
	...

000d4748 <_post_loop>:
{
   d4748:	b508      	push	{r3, lr}
	serialEventRun();
   d474a:	f7ff ffe1 	bl	d4710 <serialEventRun>
		return !timeout_fn;
	}

	static inline system_tick_t current_time()
	{
		return HAL_Timer_Get_Milli_Seconds();
   d474e:	f7ff fd45 	bl	d41dc <HAL_Timer_Get_Milli_Seconds>
	/**
	 * Lifesign that the application is still working normally.
	 */
	static void checkin()
	{
		last_checkin = current_time();
   d4752:	4b01      	ldr	r3, [pc, #4]	; (d4758 <_post_loop+0x10>)
   d4754:	6018      	str	r0, [r3, #0]
}
   d4756:	bd08      	pop	{r3, pc}
   d4758:	2003e750 	.word	0x2003e750

000d475c <_Z33system_initialize_user_backup_ramv>:
    memcpy(&link_global_retained_start, &link_global_retained_initial_values, len);
   d475c:	4805      	ldr	r0, [pc, #20]	; (d4774 <_Z33system_initialize_user_backup_ramv+0x18>)
   d475e:	4a06      	ldr	r2, [pc, #24]	; (d4778 <_Z33system_initialize_user_backup_ramv+0x1c>)
   d4760:	4906      	ldr	r1, [pc, #24]	; (d477c <_Z33system_initialize_user_backup_ramv+0x20>)
{
   d4762:	b508      	push	{r3, lr}
    memcpy(&link_global_retained_start, &link_global_retained_initial_values, len);
   d4764:	1a12      	subs	r2, r2, r0
   d4766:	f000 f9a5 	bl	d4ab4 <memcpy>
    __backup_sram_signature = signature;
   d476a:	4b05      	ldr	r3, [pc, #20]	; (d4780 <_Z33system_initialize_user_backup_ramv+0x24>)
   d476c:	4a05      	ldr	r2, [pc, #20]	; (d4784 <_Z33system_initialize_user_backup_ramv+0x28>)
   d476e:	601a      	str	r2, [r3, #0]
}
   d4770:	bd08      	pop	{r3, pc}
   d4772:	bf00      	nop
   d4774:	2003f400 	.word	0x2003f400
   d4778:	2003f404 	.word	0x2003f404
   d477c:	000d4d90 	.word	0x000d4d90
   d4780:	2003f400 	.word	0x2003f400
   d4784:	9a271c1e 	.word	0x9a271c1e

000d4788 <_Z27ctrl_request_custom_handlerP12ctrl_request>:
void __attribute((weak)) ctrl_request_custom_handler(ctrl_request* req) {
   d4788:	b507      	push	{r0, r1, r2, lr}
    system_ctrl_set_result(req, SYSTEM_ERROR_NOT_SUPPORTED, nullptr, nullptr, nullptr);
   d478a:	2300      	movs	r3, #0
   d478c:	9300      	str	r3, [sp, #0]
   d478e:	461a      	mov	r2, r3
   d4790:	f06f 0177 	mvn.w	r1, #119	; 0x77
   d4794:	f7ff fdb4 	bl	d4300 <system_ctrl_set_result>
}
   d4798:	b003      	add	sp, #12
   d479a:	f85d fb04 	ldr.w	pc, [sp], #4
	...

000d47a0 <_ZL20ctrl_request_handlerP12ctrl_request>:
static void ctrl_request_handler(ctrl_request* req) {
   d47a0:	b507      	push	{r0, r1, r2, lr}
    switch (req->type) {
   d47a2:	8843      	ldrh	r3, [r0, #2]
   d47a4:	2b0a      	cmp	r3, #10
   d47a6:	d008      	beq.n	d47ba <_ZL20ctrl_request_handlerP12ctrl_request+0x1a>
   d47a8:	2b50      	cmp	r3, #80	; 0x50
   d47aa:	d10b      	bne.n	d47c4 <_ZL20ctrl_request_handlerP12ctrl_request+0x24>
        if (log_process_ctrl_request_callback) {
   d47ac:	4b09      	ldr	r3, [pc, #36]	; (d47d4 <_ZL20ctrl_request_handlerP12ctrl_request+0x34>)
   d47ae:	681b      	ldr	r3, [r3, #0]
   d47b0:	b14b      	cbz	r3, d47c6 <_ZL20ctrl_request_handlerP12ctrl_request+0x26>
}
   d47b2:	b003      	add	sp, #12
   d47b4:	f85d eb04 	ldr.w	lr, [sp], #4
            log_process_ctrl_request_callback(req);
   d47b8:	4718      	bx	r3
        ctrl_request_custom_handler(req);
   d47ba:	f7ff ffe5 	bl	d4788 <_Z27ctrl_request_custom_handlerP12ctrl_request>
}
   d47be:	b003      	add	sp, #12
   d47c0:	f85d fb04 	ldr.w	pc, [sp], #4
        system_ctrl_set_result(req, SYSTEM_ERROR_NOT_SUPPORTED, nullptr, nullptr, nullptr);
   d47c4:	2300      	movs	r3, #0
   d47c6:	9300      	str	r3, [sp, #0]
   d47c8:	461a      	mov	r2, r3
   d47ca:	f06f 0177 	mvn.w	r1, #119	; 0x77
   d47ce:	f7ff fd97 	bl	d4300 <system_ctrl_set_result>
}
   d47d2:	e7f4      	b.n	d47be <_ZL20ctrl_request_handlerP12ctrl_request+0x1e>
   d47d4:	2003e5f8 	.word	0x2003e5f8

000d47d8 <module_user_init_hook>:
{
   d47d8:	b510      	push	{r4, lr}
    newlib_impure_ptr_callback([](struct _reent* r, size_t size, uint32_t version, void* ctx) -> void {
   d47da:	4812      	ldr	r0, [pc, #72]	; (d4824 <module_user_init_hook+0x4c>)
   d47dc:	2100      	movs	r1, #0
   d47de:	f7ff fda9 	bl	d4334 <newlib_impure_ptr_callback>
#endif // HAL_PLATFORM_NEWLIB

#if HAL_PLATFORM_BACKUP_RAM
    backup_ram_was_valid_ = __backup_sram_signature == signature;
   d47e2:	4b11      	ldr	r3, [pc, #68]	; (d4828 <module_user_init_hook+0x50>)
   d47e4:	681a      	ldr	r2, [r3, #0]
   d47e6:	4b11      	ldr	r3, [pc, #68]	; (d482c <module_user_init_hook+0x54>)
   d47e8:	429a      	cmp	r2, r3
   d47ea:	4b11      	ldr	r3, [pc, #68]	; (d4830 <module_user_init_hook+0x58>)
   d47ec:	bf0c      	ite	eq
   d47ee:	2201      	moveq	r2, #1
   d47f0:	2200      	movne	r2, #0
   d47f2:	701a      	strb	r2, [r3, #0]
    if (!backup_ram_was_valid_) {
   d47f4:	d001      	beq.n	d47fa <module_user_init_hook+0x22>
        system_initialize_user_backup_ram();
   d47f6:	f7ff ffb1 	bl	d475c <_Z33system_initialize_user_backup_ramv>
    }
#endif

#if HAL_PLATFORM_RNG
    // Initialize the default stdlib PRNG using hardware RNG as a seed
    const uint32_t seed = HAL_RNG_GetRandomNumber();
   d47fa:	f7ff fce7 	bl	d41cc <HAL_RNG_GetRandomNumber>
   d47fe:	4604      	mov	r4, r0
    srand(seed);
   d4800:	f000 f96e 	bl	d4ae0 <srand>

    // If the user defines random_seed_from_cloud, call it with a seed value
    // generated by a hardware RNG as well.
    if (random_seed_from_cloud) {
   d4804:	4b0b      	ldr	r3, [pc, #44]	; (d4834 <module_user_init_hook+0x5c>)
   d4806:	b113      	cbz	r3, d480e <module_user_init_hook+0x36>
        random_seed_from_cloud(seed);
   d4808:	4620      	mov	r0, r4
   d480a:	f3af 8000 	nop.w
    }
#endif
    // Register the random_seed_from_cloud handler
    spark_set_random_seed_from_cloud_handler(&random_seed_from_cloud, nullptr);
   d480e:	2100      	movs	r1, #0
   d4810:	4808      	ldr	r0, [pc, #32]	; (d4834 <module_user_init_hook+0x5c>)
   d4812:	f7ff fcfb 	bl	d420c <spark_set_random_seed_from_cloud_handler>

    // Register application handler for the control requests
    system_ctrl_set_app_request_handler(ctrl_request_handler, nullptr);
}
   d4816:	e8bd 4010 	ldmia.w	sp!, {r4, lr}
    system_ctrl_set_app_request_handler(ctrl_request_handler, nullptr);
   d481a:	4807      	ldr	r0, [pc, #28]	; (d4838 <module_user_init_hook+0x60>)
   d481c:	2100      	movs	r1, #0
   d481e:	f7ff bd65 	b.w	d42ec <system_ctrl_set_app_request_handler>
   d4822:	bf00      	nop
   d4824:	000d4705 	.word	0x000d4705
   d4828:	2003f400 	.word	0x2003f400
   d482c:	9a271c1e 	.word	0x9a271c1e
   d4830:	2003e5f4 	.word	0x2003e5f4
   d4834:	00000000 	.word	0x00000000
   d4838:	000d47a1 	.word	0x000d47a1

000d483c <_GLOBAL__sub_I_RGB>:
	static void
	_M_init_functor(_Any_data& __functor, _Functor&& __f, false_type)
	{ __functor._M_access<_Functor*>() = new _Functor(std::move(__f)); }
      };

    _Function_base() : _M_manager(nullptr) { }
   d483c:	4b01      	ldr	r3, [pc, #4]	; (d4844 <_GLOBAL__sub_I_RGB+0x8>)
   d483e:	2200      	movs	r2, #0
   d4840:	609a      	str	r2, [r3, #8]
{
    RGBClass* const d = static_cast<RGBClass*>(data);
    if (d->changeHandler_) {
        d->changeHandler_(r, g, b);
    }
}
   d4842:	4770      	bx	lr
   d4844:	2003e5fc 	.word	0x2003e5fc

000d4848 <_GLOBAL__sub_I_TIME_FORMAT_DEFAULT>:
            calendar_time_cache = Convert_UnixTime_To_CalendarTime(unix_time);
            unix_time_cache = unix_time;
    }
}

const char* TimeClass::format_spec = TIME_FORMAT_DEFAULT;
   d4848:	4b02      	ldr	r3, [pc, #8]	; (d4854 <_GLOBAL__sub_I_TIME_FORMAT_DEFAULT+0xc>)
   d484a:	681a      	ldr	r2, [r3, #0]
   d484c:	4b02      	ldr	r3, [pc, #8]	; (d4858 <_GLOBAL__sub_I_TIME_FORMAT_DEFAULT+0x10>)
   d484e:	601a      	str	r2, [r3, #0]
{
  return isValid();
}


TimeClass Time;
   d4850:	4770      	bx	lr
   d4852:	bf00      	nop
   d4854:	2003e53c 	.word	0x2003e53c
   d4858:	2003e60c 	.word	0x2003e60c

000d485c <_GLOBAL__sub_I__ZN5spark3LogE>:
    // This handler doesn't support direct logging
}

// spark::Logger
inline spark::Logger::Logger(const char *name) :
        name_(name) {
   d485c:	4b01      	ldr	r3, [pc, #4]	; (d4864 <_GLOBAL__sub_I__ZN5spark3LogE+0x8>)
   d485e:	4a02      	ldr	r2, [pc, #8]	; (d4868 <_GLOBAL__sub_I__ZN5spark3LogE+0xc>)
   d4860:	601a      	str	r2, [r3, #0]
#if Wiring_LogConfig

// spark::
void spark::logProcessControlRequest(ctrl_request* req) {
    JSONRequestHandler::process(req);
}
   d4862:	4770      	bx	lr
   d4864:	2003e610 	.word	0x2003e610
   d4868:	000d4cf0 	.word	0x000d4cf0

000d486c <_ZN5Print5writeEPKhj>:

// Public Methods //////////////////////////////////////////////////////////////

/* default implementation: may be overridden */
size_t Print::write(const uint8_t *buffer, size_t size)
{
   d486c:	b5f8      	push	{r3, r4, r5, r6, r7, lr}
   d486e:	4606      	mov	r6, r0
   d4870:	460d      	mov	r5, r1
  size_t n = 0;
   d4872:	188f      	adds	r7, r1, r2
   d4874:	2400      	movs	r4, #0
  while (size--) {
   d4876:	42bd      	cmp	r5, r7
   d4878:	d00c      	beq.n	d4894 <_ZN5Print5writeEPKhj+0x28>
     int chunk = write(*buffer++);
   d487a:	6833      	ldr	r3, [r6, #0]
   d487c:	f815 1b01 	ldrb.w	r1, [r5], #1
   d4880:	689b      	ldr	r3, [r3, #8]
   d4882:	4630      	mov	r0, r6
   d4884:	4798      	blx	r3
     if (chunk>=0)
   d4886:	1e03      	subs	r3, r0, #0
   d4888:	db01      	blt.n	d488e <_ZN5Print5writeEPKhj+0x22>
         n += chunk;
   d488a:	441c      	add	r4, r3
  while (size--) {
   d488c:	e7f3      	b.n	d4876 <_ZN5Print5writeEPKhj+0xa>
     int chunk = write(*buffer++);
   d488e:	2c00      	cmp	r4, #0
   d4890:	bf08      	it	eq
   d4892:	461c      	moveq	r4, r3
             n = chunk;
         break;
     }
  }
  return n;
}
   d4894:	4620      	mov	r0, r4
   d4896:	bdf8      	pop	{r3, r4, r5, r6, r7, pc}

000d4898 <_ZN5Print5writeEPKc>:
    size_t write(const char *str) {
   d4898:	b513      	push	{r0, r1, r4, lr}
   d489a:	4604      	mov	r4, r0
    }
   d489c:	4608      	mov	r0, r1
      if (str == NULL) return 0;
   d489e:	b159      	cbz	r1, d48b8 <_ZN5Print5writeEPKc+0x20>
      return write((const uint8_t *)str, strlen(str));
   d48a0:	9101      	str	r1, [sp, #4]
   d48a2:	f000 f941 	bl	d4b28 <strlen>
   d48a6:	6823      	ldr	r3, [r4, #0]
   d48a8:	9901      	ldr	r1, [sp, #4]
   d48aa:	68db      	ldr	r3, [r3, #12]
   d48ac:	4602      	mov	r2, r0
   d48ae:	4620      	mov	r0, r4
    }
   d48b0:	b002      	add	sp, #8
   d48b2:	e8bd 4010 	ldmia.w	sp!, {r4, lr}
      return write((const uint8_t *)str, strlen(str));
   d48b6:	4718      	bx	r3
    }
   d48b8:	b002      	add	sp, #8
   d48ba:	bd10      	pop	{r4, pc}

000d48bc <_ZN5Print5printEc>:
  return write(str);
}

size_t Print::print(char c)
{
  return write(c);
   d48bc:	6803      	ldr	r3, [r0, #0]
   d48be:	689b      	ldr	r3, [r3, #8]
   d48c0:	4718      	bx	r3

000d48c2 <_ZN5Print11printNumberEmh>:
  return println(reinterpret_cast<const char*>(str));
}

// Private Methods /////////////////////////////////////////////////////////////

size_t Print::printNumber(unsigned long n, uint8_t base) {
   d48c2:	b530      	push	{r4, r5, lr}
   d48c4:	b08b      	sub	sp, #44	; 0x2c
  char buf[8 * sizeof(n) + 1]; // Assumes 8-bit chars plus zero byte.
  char *str = &buf[sizeof(buf) - 1];

  *str = '\0';
   d48c6:	2300      	movs	r3, #0
   d48c8:	f88d 3024 	strb.w	r3, [sp, #36]	; 0x24

  // prevent crash if called with base == 1
  if (base < 2) base = 10;
   d48cc:	2a01      	cmp	r2, #1
   d48ce:	bf98      	it	ls
   d48d0:	220a      	movls	r2, #10
   d48d2:	ac09      	add	r4, sp, #36	; 0x24

  do {
   decltype(n) m = n;
   n /= base;
   d48d4:	460d      	mov	r5, r1
   d48d6:	fbb1 f1f2 	udiv	r1, r1, r2
   char c = m - base * n;
   d48da:	fb01 5312 	mls	r3, r1, r2, r5
   d48de:	f003 03ff 	and.w	r3, r3, #255	; 0xff
   *--str = c < 10 ? c + '0' : c + 'A' - 10;
   d48e2:	2b09      	cmp	r3, #9
   d48e4:	bf94      	ite	ls
   d48e6:	3330      	addls	r3, #48	; 0x30
   d48e8:	3337      	addhi	r3, #55	; 0x37
   d48ea:	b2db      	uxtb	r3, r3
  } while(n);
   d48ec:	42aa      	cmp	r2, r5
   *--str = c < 10 ? c + '0' : c + 'A' - 10;
   d48ee:	f804 3d01 	strb.w	r3, [r4, #-1]!
  } while(n);
   d48f2:	d9ef      	bls.n	d48d4 <_ZN5Print11printNumberEmh+0x12>

  return write(str);
   d48f4:	4621      	mov	r1, r4
   d48f6:	f7ff ffcf 	bl	d4898 <_ZN5Print5writeEPKc>
}
   d48fa:	b00b      	add	sp, #44	; 0x2c
   d48fc:	bd30      	pop	{r4, r5, pc}
	...

000d4900 <_GLOBAL__sub_I__ZN8particle3ble13WiringBleLock6mutex_E>:
    /**
     * Creates a shared mutex.
     */
    RecursiveMutex(os_mutex_recursive_t handle) : handle_(handle) {}

    RecursiveMutex() : handle_(nullptr)
   d4900:	4802      	ldr	r0, [pc, #8]	; (d490c <_GLOBAL__sub_I__ZN8particle3ble13WiringBleLock6mutex_E+0xc>)
   d4902:	2300      	movs	r3, #0
   d4904:	6003      	str	r3, [r0, #0]
    {
        os_mutex_recursive_create(&handle_);
   d4906:	f7ff bc59 	b.w	d41bc <os_mutex_recursive_create>
   d490a:	bf00      	nop
   d490c:	2003e614 	.word	0x2003e614

000d4910 <_ZN11USARTSerialD1Ev>:
private:
  hal_usart_interface_t _serial;
  bool _blocking;
public:
  USARTSerial(hal_usart_interface_t serial, hal_usart_ring_buffer_t *rx_buffer, hal_usart_ring_buffer_t *tx_buffer);
  virtual ~USARTSerial() {};
   d4910:	4770      	bx	lr

000d4912 <_ZN11USARTSerial14blockOnOverrunEb>:
    hal_usart_half_duplex(_serial, Enable);
}

void USARTSerial::blockOnOverrun(bool block)
{
  _blocking = block;
   d4912:	7441      	strb	r1, [r0, #17]
}
   d4914:	4770      	bx	lr

000d4916 <__tcf_0>:
#endif

USARTSerial& __fetch_global_Serial1()
{
#if ((MODULE_FUNCTION == MOD_FUNC_USER_PART) || (MODULE_FUNCTION == MOD_FUNC_MONO_FIRMWARE))
	static USARTSerial serial1(HAL_USART_SERIAL1, &serial1_rx_buffer, &serial1_tx_buffer);
   d4916:	4770      	bx	lr

000d4918 <_ZN11USARTSerial17availableForWriteEv>:
{
   d4918:	b508      	push	{r3, lr}
  return std::max(0, (int)hal_usart_available_data_for_write(_serial));
   d491a:	7c00      	ldrb	r0, [r0, #16]
   d491c:	f7ff fc3e 	bl	d419c <hal_usart_available_data_for_write>
}
   d4920:	ea20 70e0 	bic.w	r0, r0, r0, asr #31
   d4924:	bd08      	pop	{r3, pc}

000d4926 <_ZN11USARTSerial9availableEv>:
{
   d4926:	b508      	push	{r3, lr}
  return std::max(0, (int)hal_usart_available(_serial));
   d4928:	7c00      	ldrb	r0, [r0, #16]
   d492a:	f7ff fc17 	bl	d415c <hal_usart_available>
}
   d492e:	ea20 70e0 	bic.w	r0, r0, r0, asr #31
   d4932:	bd08      	pop	{r3, pc}

000d4934 <_ZN11USARTSerial4peekEv>:
{
   d4934:	b508      	push	{r3, lr}
  return std::max(-1, (int)hal_usart_peek(_serial));
   d4936:	7c00      	ldrb	r0, [r0, #16]
   d4938:	f7ff fc20 	bl	d417c <hal_usart_peek>
}
   d493c:	ea40 70e0 	orr.w	r0, r0, r0, asr #31
   d4940:	bd08      	pop	{r3, pc}

000d4942 <_ZN11USARTSerial4readEv>:
{
   d4942:	b508      	push	{r3, lr}
  return std::max(-1, (int)hal_usart_read(_serial));
   d4944:	7c00      	ldrb	r0, [r0, #16]
   d4946:	f7ff fc11 	bl	d416c <hal_usart_read>
}
   d494a:	ea40 70e0 	orr.w	r0, r0, r0, asr #31
   d494e:	bd08      	pop	{r3, pc}

000d4950 <_ZN11USARTSerial5flushEv>:
  hal_usart_flush(_serial);
   d4950:	7c00      	ldrb	r0, [r0, #16]
   d4952:	f7ff bc1b 	b.w	d418c <hal_usart_flush>

000d4956 <_ZN11USARTSerial5writeEh>:
{
   d4956:	b537      	push	{r0, r1, r2, r4, r5, lr}
  if (_blocking || hal_usart_available_data_for_write(_serial) > 0) {
   d4958:	7c45      	ldrb	r5, [r0, #17]
{
   d495a:	4604      	mov	r4, r0
  if (_blocking || hal_usart_available_data_for_write(_serial) > 0) {
   d495c:	b12d      	cbz	r5, d496a <_ZN11USARTSerial5writeEh+0x14>
	  return hal_usart_write(_serial, c);
   d495e:	7c20      	ldrb	r0, [r4, #16]
}
   d4960:	b003      	add	sp, #12
   d4962:	e8bd 4030 	ldmia.w	sp!, {r4, r5, lr}
	  return hal_usart_write(_serial, c);
   d4966:	f7ff bbf1 	b.w	d414c <hal_usart_write>
  if (_blocking || hal_usart_available_data_for_write(_serial) > 0) {
   d496a:	7c00      	ldrb	r0, [r0, #16]
   d496c:	9101      	str	r1, [sp, #4]
   d496e:	f7ff fc15 	bl	d419c <hal_usart_available_data_for_write>
   d4972:	2800      	cmp	r0, #0
   d4974:	9901      	ldr	r1, [sp, #4]
   d4976:	dcf2      	bgt.n	d495e <_ZN11USARTSerial5writeEh+0x8>
}
   d4978:	4628      	mov	r0, r5
   d497a:	b003      	add	sp, #12
   d497c:	bd30      	pop	{r4, r5, pc}

000d497e <_ZN11USARTSerialD0Ev>:
   d497e:	b510      	push	{r4, lr}
   d4980:	2114      	movs	r1, #20
   d4982:	4604      	mov	r4, r0
   d4984:	f000 f88e 	bl	d4aa4 <_ZdlPvj>
   d4988:	4620      	mov	r0, r4
   d498a:	bd10      	pop	{r4, pc}

000d498c <_ZN11USARTSerialC1E21hal_usart_interface_tP23hal_usart_ring_buffer_tS2_>:
USARTSerial::USARTSerial(hal_usart_interface_t serial, hal_usart_ring_buffer_t *rx_buffer, hal_usart_ring_buffer_t *tx_buffer)
   d498c:	b510      	push	{r4, lr}
   d498e:	f04f 0c00 	mov.w	ip, #0
   d4992:	4604      	mov	r4, r0
   d4994:	4608      	mov	r0, r1
   d4996:	4611      	mov	r1, r2
   d4998:	f44f 727a 	mov.w	r2, #1000	; 0x3e8
   d499c:	e9c4 c201 	strd	ip, r2, [r4, #4]
   d49a0:	4a04      	ldr	r2, [pc, #16]	; (d49b4 <_ZN11USARTSerialC1E21hal_usart_interface_tP23hal_usart_ring_buffer_tS2_+0x28>)
   d49a2:	6022      	str	r2, [r4, #0]
  _blocking = true;
   d49a4:	2201      	movs	r2, #1
  _serial = serial;
   d49a6:	7420      	strb	r0, [r4, #16]
  _blocking = true;
   d49a8:	7462      	strb	r2, [r4, #17]
  hal_usart_init(serial, rx_buffer, tx_buffer);
   d49aa:	461a      	mov	r2, r3
   d49ac:	f7ff fbc6 	bl	d413c <hal_usart_init>
}
   d49b0:	4620      	mov	r0, r4
   d49b2:	bd10      	pop	{r4, pc}
   d49b4:	000d4cfc 	.word	0x000d4cfc

000d49b8 <_Z22__fetch_global_Serial1v>:
{
   d49b8:	b513      	push	{r0, r1, r4, lr}
	static USARTSerial serial1(HAL_USART_SERIAL1, &serial1_rx_buffer, &serial1_tx_buffer);
   d49ba:	4c0d      	ldr	r4, [pc, #52]	; (d49f0 <_Z22__fetch_global_Serial1v+0x38>)
   d49bc:	7821      	ldrb	r1, [r4, #0]
   d49be:	f3bf 8f5b 	dmb	ish
   d49c2:	f011 0101 	ands.w	r1, r1, #1
   d49c6:	d110      	bne.n	d49ea <_Z22__fetch_global_Serial1v+0x32>
   d49c8:	4620      	mov	r0, r4
   d49ca:	9101      	str	r1, [sp, #4]
   d49cc:	f7ff fb63 	bl	d4096 <__cxa_guard_acquire>
   d49d0:	9901      	ldr	r1, [sp, #4]
   d49d2:	b150      	cbz	r0, d49ea <_Z22__fetch_global_Serial1v+0x32>
   d49d4:	4b07      	ldr	r3, [pc, #28]	; (d49f4 <_Z22__fetch_global_Serial1v+0x3c>)
   d49d6:	4a08      	ldr	r2, [pc, #32]	; (d49f8 <_Z22__fetch_global_Serial1v+0x40>)
   d49d8:	4808      	ldr	r0, [pc, #32]	; (d49fc <_Z22__fetch_global_Serial1v+0x44>)
   d49da:	f7ff ffd7 	bl	d498c <_ZN11USARTSerialC1E21hal_usart_interface_tP23hal_usart_ring_buffer_tS2_>
   d49de:	4620      	mov	r0, r4
   d49e0:	f7ff fb5e 	bl	d40a0 <__cxa_guard_release>
   d49e4:	4806      	ldr	r0, [pc, #24]	; (d4a00 <_Z22__fetch_global_Serial1v+0x48>)
   d49e6:	f000 f85f 	bl	d4aa8 <atexit>
    serial1_tx_buffer = new hal_usart_ring_buffer_t();
  }
  static USARTSerial serial1(HAL_USART_SERIAL1, serial1_rx_buffer, serial1_tx_buffer);
#endif
	return serial1;
}
   d49ea:	4804      	ldr	r0, [pc, #16]	; (d49fc <_Z22__fetch_global_Serial1v+0x44>)
   d49ec:	b002      	add	sp, #8
   d49ee:	bd10      	pop	{r4, pc}
   d49f0:	2003e618 	.word	0x2003e618
   d49f4:	2003e6a0 	.word	0x2003e6a0
   d49f8:	2003e61c 	.word	0x2003e61c
   d49fc:	2003e724 	.word	0x2003e724
   d4a00:	000d4917 	.word	0x000d4917

000d4a04 <_GLOBAL__sub_I_System>:
} // namespace particle

// particle::Flag<TagT, ValueT>
template<typename TagT, typename ValueT>
inline particle::Flag<TagT, ValueT>::Flag(ValueT val) :
        val_(val) {
   d4a04:	4b05      	ldr	r3, [pc, #20]	; (d4a1c <_GLOBAL__sub_I_System+0x18>)
   d4a06:	2202      	movs	r2, #2
   d4a08:	601a      	str	r2, [r3, #0]

class SystemSleepResult {
public:
    SystemSleepResult()
            : wakeupSource_(nullptr),
              error_(SYSTEM_ERROR_NONE) {
   d4a0a:	4b05      	ldr	r3, [pc, #20]	; (d4a20 <_GLOBAL__sub_I_System+0x1c>)
    SleepResult() {}
   d4a0c:	4a05      	ldr	r2, [pc, #20]	; (d4a24 <_GLOBAL__sub_I_System+0x20>)
   d4a0e:	609a      	str	r2, [r3, #8]
              error_(SYSTEM_ERROR_NONE) {
   d4a10:	2000      	movs	r0, #0
   d4a12:	6018      	str	r0, [r3, #0]
   d4a14:	8098      	strh	r0, [r3, #4]
    SleepResult() {}
   d4a16:	7198      	strb	r0, [r3, #6]

class SystemClass {
public:

    SystemClass(System_Mode_TypeDef mode = DEFAULT) {
        set_system_mode(mode);
   d4a18:	f7ff bc60 	b.w	d42dc <set_system_mode>
   d4a1c:	2003e744 	.word	0x2003e744
   d4a20:	2003e738 	.word	0x2003e738
   d4a24:	ffff0000 	.word	0xffff0000

000d4a28 <_ZN5spark13EthernetClass9listeningEv>:
    uint16_t getListenTimeout(void) {
        return network_get_listen_timeout(*this, 0, NULL);
    }

    bool listening(void) {
        return network_listening(*this, 0, NULL);
   d4a28:	2200      	movs	r2, #0
   d4a2a:	6840      	ldr	r0, [r0, #4]
   d4a2c:	4611      	mov	r1, r2
   d4a2e:	f7ff bc2d 	b.w	d428c <network_listening>

000d4a32 <_ZN5spark13EthernetClass16getListenTimeoutEv>:
        return network_get_listen_timeout(*this, 0, NULL);
   d4a32:	2200      	movs	r2, #0
   d4a34:	6840      	ldr	r0, [r0, #4]
   d4a36:	4611      	mov	r1, r2
   d4a38:	f7ff bc38 	b.w	d42ac <network_get_listen_timeout>

000d4a3c <_ZN5spark13EthernetClass16setListenTimeoutEt>:
        network_set_listen_timeout(*this, timeout, NULL);
   d4a3c:	6840      	ldr	r0, [r0, #4]
   d4a3e:	2200      	movs	r2, #0
   d4a40:	f7ff bc2c 	b.w	d429c <network_set_listen_timeout>

000d4a44 <_ZN5spark13EthernetClass6listenEb>:
        network_listen(*this, begin ? 0 : 1, NULL);
   d4a44:	6840      	ldr	r0, [r0, #4]
   d4a46:	2200      	movs	r2, #0
   d4a48:	f081 0101 	eor.w	r1, r1, #1
   d4a4c:	f7ff bc16 	b.w	d427c <network_listen>

000d4a50 <_ZN5spark13EthernetClass3offEv>:
        network_off(*this, 0, 0, NULL);
   d4a50:	2300      	movs	r3, #0
   d4a52:	6840      	ldr	r0, [r0, #4]
   d4a54:	461a      	mov	r2, r3
   d4a56:	4619      	mov	r1, r3
   d4a58:	f7ff bc08 	b.w	d426c <network_off>

000d4a5c <_ZN5spark13EthernetClass2onEv>:
        network_on(*this, 0, 0, NULL);
   d4a5c:	2300      	movs	r3, #0
   d4a5e:	6840      	ldr	r0, [r0, #4]
   d4a60:	461a      	mov	r2, r3
   d4a62:	4619      	mov	r1, r3
   d4a64:	f7ff bbfa 	b.w	d425c <network_on>

000d4a68 <_ZN5spark13EthernetClass5readyEv>:
    }

    bool ready() {
        return network_ready(*this, 0,  NULL);
   d4a68:	2200      	movs	r2, #0
   d4a6a:	6840      	ldr	r0, [r0, #4]
   d4a6c:	4611      	mov	r1, r2
   d4a6e:	f7ff bbed 	b.w	d424c <network_ready>

000d4a72 <_ZN5spark13EthernetClass10connectingEv>:
        return network_connecting(*this, 0, NULL);
   d4a72:	2200      	movs	r2, #0
   d4a74:	6840      	ldr	r0, [r0, #4]
   d4a76:	4611      	mov	r1, r2
   d4a78:	f7ff bbd8 	b.w	d422c <network_connecting>

000d4a7c <_ZN5spark13EthernetClass10disconnectEv>:
        network_disconnect(*this, NETWORK_DISCONNECT_REASON_USER, NULL);
   d4a7c:	6840      	ldr	r0, [r0, #4]
   d4a7e:	2200      	movs	r2, #0
   d4a80:	2102      	movs	r1, #2
   d4a82:	f7ff bbdb 	b.w	d423c <network_disconnect>

000d4a86 <_ZN5spark13EthernetClass7connectEj>:
        network_connect(*this, flags, 0, NULL);
   d4a86:	2300      	movs	r3, #0
   d4a88:	6840      	ldr	r0, [r0, #4]
   d4a8a:	461a      	mov	r2, r3
   d4a8c:	f7ff bbc6 	b.w	d421c <network_connect>

000d4a90 <_GLOBAL__sub_I__ZN5spark8EthernetE>:
   d4a90:	4b02      	ldr	r3, [pc, #8]	; (d4a9c <_GLOBAL__sub_I__ZN5spark8EthernetE+0xc>)
   d4a92:	2203      	movs	r2, #3
   d4a94:	605a      	str	r2, [r3, #4]
            NetworkClass(NETWORK_INTERFACE_ETHERNET) {
   d4a96:	4a02      	ldr	r2, [pc, #8]	; (d4aa0 <_GLOBAL__sub_I__ZN5spark8EthernetE+0x10>)
   d4a98:	601a      	str	r2, [r3, #0]

namespace spark {

EthernetClass Ethernet;

} // spark
   d4a9a:	4770      	bx	lr
   d4a9c:	2003e748 	.word	0x2003e748
   d4aa0:	000d4d2c 	.word	0x000d4d2c

000d4aa4 <_ZdlPvj>:
   d4aa4:	f7ff baf5 	b.w	d4092 <_ZdlPv>

000d4aa8 <atexit>:
   d4aa8:	2300      	movs	r3, #0
   d4aaa:	4601      	mov	r1, r0
   d4aac:	461a      	mov	r2, r3
   d4aae:	4618      	mov	r0, r3
   d4ab0:	f000 b842 	b.w	d4b38 <__register_exitproc>

000d4ab4 <memcpy>:
   d4ab4:	440a      	add	r2, r1
   d4ab6:	4291      	cmp	r1, r2
   d4ab8:	f100 33ff 	add.w	r3, r0, #4294967295	; 0xffffffff
   d4abc:	d100      	bne.n	d4ac0 <memcpy+0xc>
   d4abe:	4770      	bx	lr
   d4ac0:	b510      	push	{r4, lr}
   d4ac2:	f811 4b01 	ldrb.w	r4, [r1], #1
   d4ac6:	f803 4f01 	strb.w	r4, [r3, #1]!
   d4aca:	4291      	cmp	r1, r2
   d4acc:	d1f9      	bne.n	d4ac2 <memcpy+0xe>
   d4ace:	bd10      	pop	{r4, pc}

000d4ad0 <memset>:
   d4ad0:	4402      	add	r2, r0
   d4ad2:	4603      	mov	r3, r0
   d4ad4:	4293      	cmp	r3, r2
   d4ad6:	d100      	bne.n	d4ada <memset+0xa>
   d4ad8:	4770      	bx	lr
   d4ada:	f803 1b01 	strb.w	r1, [r3], #1
   d4ade:	e7f9      	b.n	d4ad4 <memset+0x4>

000d4ae0 <srand>:
   d4ae0:	b538      	push	{r3, r4, r5, lr}
   d4ae2:	4b0d      	ldr	r3, [pc, #52]	; (d4b18 <srand+0x38>)
   d4ae4:	681d      	ldr	r5, [r3, #0]
   d4ae6:	6bab      	ldr	r3, [r5, #56]	; 0x38
   d4ae8:	4604      	mov	r4, r0
   d4aea:	b97b      	cbnz	r3, d4b0c <srand+0x2c>
   d4aec:	2018      	movs	r0, #24
   d4aee:	f7ff fc11 	bl	d4314 <malloc>
   d4af2:	4a0a      	ldr	r2, [pc, #40]	; (d4b1c <srand+0x3c>)
   d4af4:	4b0a      	ldr	r3, [pc, #40]	; (d4b20 <srand+0x40>)
   d4af6:	63a8      	str	r0, [r5, #56]	; 0x38
   d4af8:	e9c0 2300 	strd	r2, r3, [r0]
   d4afc:	4b09      	ldr	r3, [pc, #36]	; (d4b24 <srand+0x44>)
   d4afe:	6083      	str	r3, [r0, #8]
   d4b00:	230b      	movs	r3, #11
   d4b02:	8183      	strh	r3, [r0, #12]
   d4b04:	2201      	movs	r2, #1
   d4b06:	2300      	movs	r3, #0
   d4b08:	e9c0 2304 	strd	r2, r3, [r0, #16]
   d4b0c:	6bab      	ldr	r3, [r5, #56]	; 0x38
   d4b0e:	2200      	movs	r2, #0
   d4b10:	611c      	str	r4, [r3, #16]
   d4b12:	615a      	str	r2, [r3, #20]
   d4b14:	bd38      	pop	{r3, r4, r5, pc}
   d4b16:	bf00      	nop
   d4b18:	2003e540 	.word	0x2003e540
   d4b1c:	abcd330e 	.word	0xabcd330e
   d4b20:	e66d1234 	.word	0xe66d1234
   d4b24:	0005deec 	.word	0x0005deec

000d4b28 <strlen>:
   d4b28:	4603      	mov	r3, r0
   d4b2a:	f813 2b01 	ldrb.w	r2, [r3], #1
   d4b2e:	2a00      	cmp	r2, #0
   d4b30:	d1fb      	bne.n	d4b2a <strlen+0x2>
   d4b32:	1a18      	subs	r0, r3, r0
   d4b34:	3801      	subs	r0, #1
   d4b36:	4770      	bx	lr

000d4b38 <__register_exitproc>:
   d4b38:	e92d 43f8 	stmdb	sp!, {r3, r4, r5, r6, r7, r8, r9, lr}
   d4b3c:	f8df 80b8 	ldr.w	r8, [pc, #184]	; d4bf8 <__register_exitproc+0xc0>
   d4b40:	4606      	mov	r6, r0
   d4b42:	f8d8 0000 	ldr.w	r0, [r8]
   d4b46:	461f      	mov	r7, r3
   d4b48:	460d      	mov	r5, r1
   d4b4a:	4691      	mov	r9, r2
   d4b4c:	f000 f856 	bl	d4bfc <__retarget_lock_acquire_recursive>
   d4b50:	4b25      	ldr	r3, [pc, #148]	; (d4be8 <__register_exitproc+0xb0>)
   d4b52:	681c      	ldr	r4, [r3, #0]
   d4b54:	b934      	cbnz	r4, d4b64 <__register_exitproc+0x2c>
   d4b56:	4c25      	ldr	r4, [pc, #148]	; (d4bec <__register_exitproc+0xb4>)
   d4b58:	601c      	str	r4, [r3, #0]
   d4b5a:	4b25      	ldr	r3, [pc, #148]	; (d4bf0 <__register_exitproc+0xb8>)
   d4b5c:	b113      	cbz	r3, d4b64 <__register_exitproc+0x2c>
   d4b5e:	681b      	ldr	r3, [r3, #0]
   d4b60:	f8c4 3088 	str.w	r3, [r4, #136]	; 0x88
   d4b64:	6863      	ldr	r3, [r4, #4]
   d4b66:	2b1f      	cmp	r3, #31
   d4b68:	dd07      	ble.n	d4b7a <__register_exitproc+0x42>
   d4b6a:	f8d8 0000 	ldr.w	r0, [r8]
   d4b6e:	f000 f847 	bl	d4c00 <__retarget_lock_release_recursive>
   d4b72:	f04f 30ff 	mov.w	r0, #4294967295	; 0xffffffff
   d4b76:	e8bd 83f8 	ldmia.w	sp!, {r3, r4, r5, r6, r7, r8, r9, pc}
   d4b7a:	b34e      	cbz	r6, d4bd0 <__register_exitproc+0x98>
   d4b7c:	f8d4 0088 	ldr.w	r0, [r4, #136]	; 0x88
   d4b80:	b988      	cbnz	r0, d4ba6 <__register_exitproc+0x6e>
   d4b82:	4b1c      	ldr	r3, [pc, #112]	; (d4bf4 <__register_exitproc+0xbc>)
   d4b84:	b923      	cbnz	r3, d4b90 <__register_exitproc+0x58>
   d4b86:	f8d8 0000 	ldr.w	r0, [r8]
   d4b8a:	f000 f838 	bl	d4bfe <__retarget_lock_release>
   d4b8e:	e7f0      	b.n	d4b72 <__register_exitproc+0x3a>
   d4b90:	f44f 7084 	mov.w	r0, #264	; 0x108
   d4b94:	f7ff fbbe 	bl	d4314 <malloc>
   d4b98:	2800      	cmp	r0, #0
   d4b9a:	d0f4      	beq.n	d4b86 <__register_exitproc+0x4e>
   d4b9c:	2300      	movs	r3, #0
   d4b9e:	e9c0 3340 	strd	r3, r3, [r0, #256]	; 0x100
   d4ba2:	f8c4 0088 	str.w	r0, [r4, #136]	; 0x88
   d4ba6:	6863      	ldr	r3, [r4, #4]
   d4ba8:	f840 9023 	str.w	r9, [r0, r3, lsl #2]
   d4bac:	2201      	movs	r2, #1
   d4bae:	409a      	lsls	r2, r3
   d4bb0:	eb00 0183 	add.w	r1, r0, r3, lsl #2
   d4bb4:	f8d0 3100 	ldr.w	r3, [r0, #256]	; 0x100
   d4bb8:	4313      	orrs	r3, r2
   d4bba:	2e02      	cmp	r6, #2
   d4bbc:	f8c0 3100 	str.w	r3, [r0, #256]	; 0x100
   d4bc0:	f8c1 7080 	str.w	r7, [r1, #128]	; 0x80
   d4bc4:	bf02      	ittt	eq
   d4bc6:	f8d0 3104 	ldreq.w	r3, [r0, #260]	; 0x104
   d4bca:	431a      	orreq	r2, r3
   d4bcc:	f8c0 2104 	streq.w	r2, [r0, #260]	; 0x104
   d4bd0:	6863      	ldr	r3, [r4, #4]
   d4bd2:	f8d8 0000 	ldr.w	r0, [r8]
   d4bd6:	1c5a      	adds	r2, r3, #1
   d4bd8:	3302      	adds	r3, #2
   d4bda:	6062      	str	r2, [r4, #4]
   d4bdc:	f844 5023 	str.w	r5, [r4, r3, lsl #2]
   d4be0:	f000 f80e 	bl	d4c00 <__retarget_lock_release_recursive>
   d4be4:	2000      	movs	r0, #0
   d4be6:	e7c6      	b.n	d4b76 <__register_exitproc+0x3e>
   d4be8:	2003e7e0 	.word	0x2003e7e0
   d4bec:	2003e754 	.word	0x2003e754
   d4bf0:	00000000 	.word	0x00000000
   d4bf4:	000d4315 	.word	0x000d4315
   d4bf8:	2003e5a4 	.word	0x2003e5a4

000d4bfc <__retarget_lock_acquire_recursive>:
   d4bfc:	4770      	bx	lr

000d4bfe <__retarget_lock_release>:
   d4bfe:	4770      	bx	lr

000d4c00 <__retarget_lock_release_recursive>:
   d4c00:	4770      	bx	lr

000d4c02 <link_code_end>:
	...

000d4c04 <dynalib_user>:
   d4c04:	401d 000d 4059 000d 4081 000d 4085 000d     .@..Y@...@...@..
   d4c14:	0000 0000                                   ....

000d4c18 <_ZTVN5spark12NetworkClassE>:
	...
   d4c20:	4345 000d 434f 000d 4359 000d 4363 000d     EC..OC..YC..cC..
   d4c30:	436d 000d 4379 000d 4385 000d 438d 000d     mC..yC...C...C..
   d4c40:	4395 000d 43a1 000d 43a9 000d 43b3 000d     .C...C...C...C..
   d4c50:	43bd 000d                                   .C..

000d4c54 <_ZTVN5spark9WiFiClassE>:
	...
   d4c5c:	4503 000d 44f9 000d 44ef 000d 44a5 000d     .E...D...D...D..
   d4c6c:	44e3 000d 44d7 000d 4385 000d 438d 000d     .D...D...C...C..
   d4c7c:	44cb 000d 44c3 000d 44b9 000d 44af 000d     .D...D...D...D..
   d4c8c:	43bd 000d                                   .C..

000d4c90 <_ZTV9USBSerial>:
	...
   d4c98:	4527 000d 458f 000d 4565 000d 486d 000d     'E...E..eE..mH..
   d4ca8:	4557 000d 4529 000d 4539 000d 4589 000d     WE..)E..9E...E..
   d4cb8:	4549 000d 4521 000d                         IE..!E..

000d4cc0 <_ZTV9IPAddress>:
	...
   d4cc8:	4631 000d 4621 000d 4623 000d 5925 252d     1F..!F..#F..%Y-%
   d4cd8:	2d6d 6425 2554 3a48 4d25 253a 2553 007a     m-%dT%H:%M:%S%z.
   d4ce8:	7361 7463 6d69 0065 7061 0070               asctime.app.

000d4cf4 <_ZTV11USARTSerial>:
	...
   d4cfc:	4911 000d 497f 000d 4957 000d 486d 000d     .I...I..WI..mH..
   d4d0c:	4927 000d 4943 000d 4935 000d 4951 000d     'I..CI..5I..QI..
   d4d1c:	4913 000d 4919 000d                         .I...I..

000d4d24 <_ZTVN5spark13EthernetClassE>:
	...
   d4d2c:	4a87 000d 4a7d 000d 4a73 000d 4a69 000d     .J..}J..sJ..iJ..
   d4d3c:	4a5d 000d 4a51 000d 4385 000d 438d 000d     ]J..QJ...C...C..
   d4d4c:	4a45 000d 4a3d 000d 4a33 000d 4a29 000d     EJ..=J..3J..)J..
   d4d5c:	43bd 000d                                   .C..

000d4d60 <link_const_variable_data_end>:
   d4d60:	000d40ad 	.word	0x000d40ad
   d4d64:	000d40bd 	.word	0x000d40bd
   d4d68:	000d40cd 	.word	0x000d40cd
   d4d6c:	000d4491 	.word	0x000d4491
   d4d70:	000d450d 	.word	0x000d450d
   d4d74:	000d483d 	.word	0x000d483d
   d4d78:	000d4849 	.word	0x000d4849
   d4d7c:	000d485d 	.word	0x000d485d
   d4d80:	000d4901 	.word	0x000d4901
   d4d84:	000d4a05 	.word	0x000d4a05
   d4d88:	000d4a91 	.word	0x000d4a91

000d4d8c <link_constructors_end>:
   d4d8c:	00000000 	.word	0x00000000
